{"D:\\Text\\nodejs\\rx-util\\src\\index.js": {"path":"D:\\Text\\nodejs\\rx-util\\src\\index.js","statementMap":{},"fnMap":{},"branchMap":{},"s":{},"f":{},"b":{},"_coverageSchema":"43e27e138ebf9cfc5966b082cf9a028302ed4184","hash":"a5ef5dff148608698dbccc597212f04fee18f5e8"}
,"D:\\Text\\nodejs\\rx-util\\src\\module\\ajax\\FetchLimiting.js": {"path":"D:\\Text\\nodejs\\rx-util\\src\\module\\ajax\\FetchLimiting.js","statementMap":{"0":{"start":{"line":24,"column":4},"end":{"line":24,"column":26}},"1":{"start":{"line":28,"column":4},"end":{"line":28,"column":22}},"2":{"start":{"line":32,"column":4},"end":{"line":32,"column":22}},"3":{"start":{"line":37,"column":4},"end":{"line":37,"column":21}},"4":{"start":{"line":48,"column":24},"end":{"line":58,"column":5}},"5":{"start":{"line":49,"column":6},"end":{"line":49,"column":22}},"6":{"start":{"line":50,"column":19},"end":{"line":50,"column":39}},"7":{"start":{"line":51,"column":6},"end":{"line":57,"column":7}},"8":{"start":{"line":54,"column":8},"end":{"line":54,"column":63}},"9":{"start":{"line":56,"column":8},"end":{"line":56,"column":24}},"10":{"start":{"line":59,"column":4},"end":{"line":59,"column":32}},"11":{"start":{"line":60,"column":4},"end":{"line":60,"column":49}},"12":{"start":{"line":60,"column":21},"end":{"line":60,"column":48}},"13":{"start":{"line":62,"column":4},"end":{"line":62,"column":24}}},"fnMap":{"0":{"name":"(anonymous_0)","decl":{"start":{"line":20,"column":2},"end":{"line":20,"column":3}},"loc":{"start":{"line":20,"column":48},"end":{"line":38,"column":3}},"line":20},"1":{"name":"(anonymous_1)","decl":{"start":{"line":47,"column":2},"end":{"line":47,"column":3}},"loc":{"start":{"line":47,"column":26},"end":{"line":63,"column":3}},"line":47},"2":{"name":"(anonymous_2)","decl":{"start":{"line":48,"column":24},"end":{"line":48,"column":25}},"loc":{"start":{"line":48,"column":36},"end":{"line":58,"column":5}},"line":48},"3":{"name":"(anonymous_3)","decl":{"start":{"line":60,"column":15},"end":{"line":60,"column":16}},"loc":{"start":{"line":60,"column":21},"end":{"line":60,"column":48}},"line":60}},"branchMap":{"0":{"loc":{"start":{"line":20,"column":17},"end":{"line":20,"column":32}},"type":"default-arg","locations":[{"start":{"line":20,"column":27},"end":{"line":20,"column":32}}],"line":20},"1":{"loc":{"start":{"line":20,"column":34},"end":{"line":20,"column":44}},"type":"default-arg","locations":[{"start":{"line":20,"column":42},"end":{"line":20,"column":44}}],"line":20}},"s":{"0":0,"1":0,"2":0,"3":0,"4":0,"5":0,"6":0,"7":0,"8":0,"9":0,"10":0,"11":0,"12":0,"13":0},"f":{"0":0,"1":0,"2":0,"3":0},"b":{"0":[0],"1":[0]},"_coverageSchema":"43e27e138ebf9cfc5966b082cf9a028302ed4184","hash":"3e83ee837a885a14a49980b4a2c48a45e1d75915"}
,"D:\\Text\\nodejs\\rx-util\\src\\module\\ajax\\download.js": {"path":"D:\\Text\\nodejs\\rx-util\\src\\module\\ajax\\download.js","statementMap":{"0":{"start":{"line":8,"column":18},"end":{"line":8,"column":45}},"1":{"start":{"line":9,"column":2},"end":{"line":9,"column":29}},"2":{"start":{"line":10,"column":2},"end":{"line":10,"column":32}},"3":{"start":{"line":12,"column":2},"end":{"line":12,"column":42}},"4":{"start":{"line":14,"column":2},"end":{"line":14,"column":36}},"5":{"start":{"line":15,"column":2},"end":{"line":15,"column":17}},"6":{"start":{"line":17,"column":2},"end":{"line":17,"column":36}}},"fnMap":{"0":{"name":"download","decl":{"start":{"line":6,"column":16},"end":{"line":6,"column":24}},"loc":{"start":{"line":6,"column":54},"end":{"line":18,"column":1}},"line":6}},"branchMap":{"0":{"loc":{"start":{"line":6,"column":32},"end":{"line":6,"column":52}},"type":"default-arg","locations":[{"start":{"line":6,"column":43},"end":{"line":6,"column":52}}],"line":6}},"s":{"0":0,"1":0,"2":0,"3":0,"4":0,"5":0,"6":0},"f":{"0":0},"b":{"0":[0]},"_coverageSchema":"43e27e138ebf9cfc5966b082cf9a028302ed4184","hash":"063d4d5da70dad62dd8d018c52cae9be64d685fa"}
,"D:\\Text\\nodejs\\rx-util\\src\\module\\ajax\\downloadString.js": {"path":"D:\\Text\\nodejs\\rx-util\\src\\module\\ajax\\downloadString.js","statementMap":{"0":{"start":{"line":9,"column":15},"end":{"line":11,"column":4}},"1":{"start":{"line":12,"column":2},"end":{"line":12,"column":26}}},"fnMap":{"0":{"name":"downloadString","decl":{"start":{"line":8,"column":22},"end":{"line":8,"column":36}},"loc":{"start":{"line":8,"column":69},"end":{"line":13,"column":1}},"line":8}},"branchMap":{"0":{"loc":{"start":{"line":8,"column":43},"end":{"line":8,"column":67}},"type":"default-arg","locations":[{"start":{"line":8,"column":54},"end":{"line":8,"column":67}}],"line":8}},"s":{"0":0,"1":0},"f":{"0":0},"b":{"0":[0]},"_coverageSchema":"43e27e138ebf9cfc5966b082cf9a028302ed4184","hash":"81583faba48a640d81a974901a28645bb2ed50f0"}
,"D:\\Text\\nodejs\\rx-util\\src\\module\\ajax\\downloadUrl.js": {"path":"D:\\Text\\nodejs\\rx-util\\src\\module\\ajax\\downloadUrl.js","statementMap":{"0":{"start":{"line":12,"column":2},"end":{"line":18,"column":3}},"1":{"start":{"line":13,"column":16},"end":{"line":13,"column":32}},"2":{"start":{"line":14,"column":17},"end":{"line":14,"column":33}},"3":{"start":{"line":15,"column":4},"end":{"line":15,"column":28}},"4":{"start":{"line":17,"column":4},"end":{"line":17,"column":39}}},"fnMap":{"0":{"name":"downloadUrl","decl":{"start":{"line":8,"column":22},"end":{"line":8,"column":33}},"loc":{"start":{"line":11,"column":2},"end":{"line":19,"column":1}},"line":11}},"branchMap":{"0":{"loc":{"start":{"line":10,"column":2},"end":{"line":10,"column":45}},"type":"default-arg","locations":[{"start":{"line":10,"column":13},"end":{"line":10,"column":45}}],"line":10}},"s":{"0":0,"1":0,"2":0,"3":0,"4":0},"f":{"0":0},"b":{"0":[0]},"_coverageSchema":"43e27e138ebf9cfc5966b082cf9a028302ed4184","hash":"cb151be2f56cb495e3b6bb9e0dc63900833b9677"}
,"D:\\Text\\nodejs\\rx-util\\src\\module\\ajax\\fetchTimeout.js": {"path":"D:\\Text\\nodejs\\rx-util\\src\\module\\ajax\\fetchTimeout.js","statementMap":{"0":{"start":{"line":9,"column":16},"end":{"line":9,"column":20}},"1":{"start":{"line":11,"column":23},"end":{"line":15,"column":4}},"2":{"start":{"line":12,"column":4},"end":{"line":14,"column":5}},"3":{"start":{"line":13,"column":6},"end":{"line":13,"column":40}},"4":{"start":{"line":17,"column":27},"end":{"line":17,"column":69}},"5":{"start":{"line":18,"column":2},"end":{"line":20,"column":13}},"6":{"start":{"line":19,"column":4},"end":{"line":19,"column":13}},"7":{"start":{"line":21,"column":2},"end":{"line":21,"column":25}}},"fnMap":{"0":{"name":"fetchTimeout","decl":{"start":{"line":8,"column":16},"end":{"line":8,"column":28}},"loc":{"start":{"line":8,"column":53},"end":{"line":22,"column":1}},"line":8},"1":{"name":"(anonymous_1)","decl":{"start":{"line":11,"column":35},"end":{"line":11,"column":36}},"loc":{"start":{"line":11,"column":62},"end":{"line":15,"column":3}},"line":11},"2":{"name":"(anonymous_2)","decl":{"start":{"line":12,"column":14},"end":{"line":12,"column":15}},"loc":{"start":{"line":12,"column":26},"end":{"line":14,"column":5}},"line":12},"3":{"name":"(anonymous_3)","decl":{"start":{"line":18,"column":13},"end":{"line":18,"column":14}},"loc":{"start":{"line":18,"column":25},"end":{"line":20,"column":3}},"line":18}},"branchMap":{},"s":{"0":0,"1":0,"2":0,"3":0,"4":0,"5":0,"6":0,"7":0},"f":{"0":0,"1":0,"2":0,"3":0},"b":{},"_coverageSchema":"43e27e138ebf9cfc5966b082cf9a028302ed4184","hash":"2de824df2a9350a883a4320397b2644b1a0eb424"}
,"D:\\Text\\nodejs\\rx-util\\src\\module\\ajax\\getCookies.js": {"path":"D:\\Text\\nodejs\\rx-util\\src\\module\\ajax\\getCookies.js","statementMap":{"0":{"start":{"line":6,"column":2},"end":{"line":10,"column":54}},"1":{"start":{"line":8,"column":16},"end":{"line":8,"column":30}},"2":{"start":{"line":9,"column":16},"end":{"line":9,"column":46}},"3":{"start":{"line":10,"column":29},"end":{"line":10,"column":42}}},"fnMap":{"0":{"name":"getCookies","decl":{"start":{"line":5,"column":16},"end":{"line":5,"column":26}},"loc":{"start":{"line":5,"column":30},"end":{"line":11,"column":1}},"line":5},"1":{"name":"(anonymous_1)","decl":{"start":{"line":8,"column":9},"end":{"line":8,"column":10}},"loc":{"start":{"line":8,"column":16},"end":{"line":8,"column":30}},"line":8},"2":{"name":"(anonymous_2)","decl":{"start":{"line":9,"column":9},"end":{"line":9,"column":10}},"loc":{"start":{"line":9,"column":16},"end":{"line":9,"column":46}},"line":9},"3":{"name":"(anonymous_3)","decl":{"start":{"line":10,"column":12},"end":{"line":10,"column":13}},"loc":{"start":{"line":10,"column":29},"end":{"line":10,"column":42}},"line":10}},"branchMap":{},"s":{"0":0,"1":0,"2":0,"3":0},"f":{"0":0,"1":0,"2":0,"3":0},"b":{},"_coverageSchema":"43e27e138ebf9cfc5966b082cf9a028302ed4184","hash":"4f621e662ab6a1f8adf7e2261bcc804cfcd37982"}
,"D:\\Text\\nodejs\\rx-util\\src\\module\\ajax\\loadResource.js": {"path":"D:\\Text\\nodejs\\rx-util\\src\\module\\ajax\\loadResource.js","statementMap":{"0":{"start":{"line":10,"column":14},"end":{"line":10,"column":36}},"1":{"start":{"line":11,"column":15},"end":{"line":11,"column":31}},"2":{"start":{"line":13,"column":2},"end":{"line":13,"column":44}}},"fnMap":{"0":{"name":"loadResource","decl":{"start":{"line":9,"column":22},"end":{"line":9,"column":34}},"loc":{"start":{"line":9,"column":57},"end":{"line":14,"column":1}},"line":9}},"branchMap":{"0":{"loc":{"start":{"line":9,"column":46},"end":{"line":9,"column":55}},"type":"default-arg","locations":[{"start":{"line":9,"column":53},"end":{"line":9,"column":55}}],"line":9}},"s":{"0":0,"1":0,"2":0},"f":{"0":0},"b":{"0":[0]},"_coverageSchema":"43e27e138ebf9cfc5966b082cf9a028302ed4184","hash":"56441a52d0cb5e2c923fd14686cd8135d756d53c"}
,"D:\\Text\\nodejs\\rx-util\\src\\module\\ajax\\parseUrl.js": {"path":"D:\\Text\\nodejs\\rx-util\\src\\module\\ajax\\parseUrl.js","statementMap":{"0":{"start":{"line":31,"column":4},"end":{"line":31,"column":20}},"1":{"start":{"line":35,"column":4},"end":{"line":35,"column":26}},"2":{"start":{"line":39,"column":4},"end":{"line":39,"column":28}},"3":{"start":{"line":43,"column":4},"end":{"line":43,"column":24}},"4":{"start":{"line":47,"column":4},"end":{"line":47,"column":32}},"5":{"start":{"line":51,"column":4},"end":{"line":51,"column":24}},"6":{"start":{"line":55,"column":4},"end":{"line":55,"column":18}},"7":{"start":{"line":59,"column":4},"end":{"line":59,"column":20}},"8":{"start":{"line":66,"column":22},"end":{"line":71,"column":1}},"9":{"start":{"line":79,"column":2},"end":{"line":81,"column":3}},"10":{"start":{"line":80,"column":4},"end":{"line":80,"column":31}},"11":{"start":{"line":83,"column":17},"end":{"line":83,"column":68}},"12":{"start":{"line":84,"column":16},"end":{"line":84,"column":32}},"13":{"start":{"line":85,"column":14},"end":{"line":93,"column":4}},"14":{"start":{"line":94,"column":13},"end":{"line":94,"column":43}},"15":{"start":{"line":95,"column":20},"end":{"line":95,"column":37}},"16":{"start":{"line":96,"column":2},"end":{"line":99,"column":3}},"17":{"start":{"line":97,"column":4},"end":{"line":97,"column":25}},"18":{"start":{"line":98,"column":4},"end":{"line":98,"column":14}},"19":{"start":{"line":100,"column":2},"end":{"line":100,"column":44}},"20":{"start":{"line":101,"column":2},"end":{"line":103,"column":3}},"21":{"start":{"line":102,"column":4},"end":{"line":102,"column":75}},"22":{"start":{"line":104,"column":2},"end":{"line":104,"column":58}},"23":{"start":{"line":106,"column":2},"end":{"line":125,"column":10}},"24":{"start":{"line":109,"column":16},"end":{"line":109,"column":30}},"25":{"start":{"line":110,"column":19},"end":{"line":110,"column":32}},"26":{"start":{"line":112,"column":16},"end":{"line":112,"column":42}},"27":{"start":{"line":113,"column":16},"end":{"line":113,"column":66}},"28":{"start":{"line":115,"column":17},"end":{"line":115,"column":26}},"29":{"start":{"line":116,"column":6},"end":{"line":123,"column":7}},"30":{"start":{"line":117,"column":8},"end":{"line":119,"column":9}},"31":{"start":{"line":118,"column":10},"end":{"line":118,"column":26}},"32":{"start":{"line":120,"column":8},"end":{"line":120,"column":25}},"33":{"start":{"line":122,"column":8},"end":{"line":122,"column":21}},"34":{"start":{"line":124,"column":6},"end":{"line":124,"column":19}},"35":{"start":{"line":126,"column":2},"end":{"line":126,"column":12}}},"fnMap":{"0":{"name":"(anonymous_0)","decl":{"start":{"line":18,"column":2},"end":{"line":18,"column":3}},"loc":{"start":{"line":27,"column":10},"end":{"line":60,"column":3}},"line":27},"1":{"name":"parseUrl","decl":{"start":{"line":78,"column":16},"end":{"line":78,"column":24}},"loc":{"start":{"line":78,"column":31},"end":{"line":127,"column":1}},"line":78},"2":{"name":"(anonymous_2)","decl":{"start":{"line":109,"column":9},"end":{"line":109,"column":10}},"loc":{"start":{"line":109,"column":16},"end":{"line":109,"column":30}},"line":109},"3":{"name":"(anonymous_3)","decl":{"start":{"line":110,"column":12},"end":{"line":110,"column":13}},"loc":{"start":{"line":110,"column":19},"end":{"line":110,"column":32}},"line":110},"4":{"name":"(anonymous_4)","decl":{"start":{"line":111,"column":12},"end":{"line":111,"column":13}},"loc":{"start":{"line":111,"column":29},"end":{"line":125,"column":5}},"line":111}},"branchMap":{"0":{"loc":{"start":{"line":18,"column":15},"end":{"line":27,"column":8}},"type":"default-arg","locations":[{"start":{"line":27,"column":6},"end":{"line":27,"column":8}}],"line":18},"1":{"loc":{"start":{"line":19,"column":4},"end":{"line":19,"column":13}},"type":"default-arg","locations":[{"start":{"line":19,"column":11},"end":{"line":19,"column":13}}],"line":19},"2":{"loc":{"start":{"line":20,"column":4},"end":{"line":20,"column":16}},"type":"default-arg","locations":[{"start":{"line":20,"column":14},"end":{"line":20,"column":16}}],"line":20},"3":{"loc":{"start":{"line":21,"column":4},"end":{"line":21,"column":17}},"type":"default-arg","locations":[{"start":{"line":21,"column":15},"end":{"line":21,"column":17}}],"line":21},"4":{"loc":{"start":{"line":22,"column":4},"end":{"line":22,"column":15}},"type":"default-arg","locations":[{"start":{"line":22,"column":13},"end":{"line":22,"column":15}}],"line":22},"5":{"loc":{"start":{"line":23,"column":4},"end":{"line":23,"column":19}},"type":"default-arg","locations":[{"start":{"line":23,"column":17},"end":{"line":23,"column":19}}],"line":23},"6":{"loc":{"start":{"line":24,"column":4},"end":{"line":24,"column":15}},"type":"default-arg","locations":[{"start":{"line":24,"column":13},"end":{"line":24,"column":15}}],"line":24},"7":{"loc":{"start":{"line":25,"column":4},"end":{"line":25,"column":12}},"type":"default-arg","locations":[{"start":{"line":25,"column":10},"end":{"line":25,"column":12}}],"line":25},"8":{"loc":{"start":{"line":26,"column":4},"end":{"line":26,"column":12}},"type":"default-arg","locations":[{"start":{"line":26,"column":11},"end":{"line":26,"column":12}}],"line":26},"9":{"loc":{"start":{"line":79,"column":2},"end":{"line":81,"column":3}},"type":"if","locations":[{"start":{"line":79,"column":2},"end":{"line":81,"column":3}},{"start":{"line":79,"column":2},"end":{"line":81,"column":3}}],"line":79},"10":{"loc":{"start":{"line":96,"column":2},"end":{"line":99,"column":3}},"type":"if","locations":[{"start":{"line":96,"column":2},"end":{"line":99,"column":3}},{"start":{"line":96,"column":2},"end":{"line":99,"column":3}}],"line":96},"11":{"loc":{"start":{"line":101,"column":2},"end":{"line":103,"column":3}},"type":"if","locations":[{"start":{"line":101,"column":2},"end":{"line":103,"column":3}},{"start":{"line":101,"column":2},"end":{"line":103,"column":3}}],"line":101},"12":{"loc":{"start":{"line":104,"column":13},"end":{"line":104,"column":58}},"type":"binary-expr","locations":[{"start":{"line":104,"column":13},"end":{"line":104,"column":21}},{"start":{"line":104,"column":25},"end":{"line":104,"column":52}},{"start":{"line":104,"column":56},"end":{"line":104,"column":58}}],"line":104},"13":{"loc":{"start":{"line":113,"column":35},"end":{"line":113,"column":65}},"type":"cond-expr","locations":[{"start":{"line":113,"column":54},"end":{"line":113,"column":56}},{"start":{"line":113,"column":59},"end":{"line":113,"column":65}}],"line":113},"14":{"loc":{"start":{"line":116,"column":6},"end":{"line":123,"column":7}},"type":"if","locations":[{"start":{"line":116,"column":6},"end":{"line":123,"column":7}},{"start":{"line":116,"column":6},"end":{"line":123,"column":7}}],"line":116},"15":{"loc":{"start":{"line":117,"column":8},"end":{"line":119,"column":9}},"type":"if","locations":[{"start":{"line":117,"column":8},"end":{"line":119,"column":9}},{"start":{"line":117,"column":8},"end":{"line":119,"column":9}}],"line":117}},"s":{"0":1,"1":1,"2":1,"3":1,"4":1,"5":1,"6":1,"7":1,"8":3,"9":1,"10":0,"11":1,"12":1,"13":1,"14":1,"15":1,"16":1,"17":0,"18":0,"19":1,"20":1,"21":1,"22":1,"23":1,"24":2,"25":2,"26":2,"27":2,"28":2,"29":2,"30":0,"31":0,"32":0,"33":2,"34":2,"35":1},"f":{"0":1,"1":1,"2":2,"3":2,"4":2},"b":{"0":[0],"1":[0],"2":[0],"3":[0],"4":[0],"5":[1],"6":[1],"7":[0],"8":[1],"9":[0,1],"10":[0,1],"11":[1,0],"12":[1,1,0],"13":[0,2],"14":[0,2],"15":[0,0]},"_coverageSchema":"43e27e138ebf9cfc5966b082cf9a028302ed4184","hash":"79139c1cd99ecca038ccd0513520c96277d482f4"}
,"D:\\Text\\nodejs\\rx-util\\src\\module\\ajax\\readLocal.js": {"path":"D:\\Text\\nodejs\\rx-util\\src\\module\\ajax\\readLocal.js","statementMap":{"0":{"start":{"line":13,"column":2},"end":{"line":26,"column":4}},"1":{"start":{"line":14,"column":4},"end":{"line":16,"column":5}},"2":{"start":{"line":15,"column":6},"end":{"line":15,"column":42}},"3":{"start":{"line":17,"column":15},"end":{"line":17,"column":31}},"4":{"start":{"line":18,"column":4},"end":{"line":21,"column":5}},"5":{"start":{"line":20,"column":6},"end":{"line":20,"column":34}},"6":{"start":{"line":22,"column":4},"end":{"line":24,"column":5}},"7":{"start":{"line":23,"column":6},"end":{"line":23,"column":19}},"8":{"start":{"line":25,"column":4},"end":{"line":25,"column":28}},"9":{"start":{"line":28,"column":0},"end":{"line":28,"column":35}},"10":{"start":{"line":29,"column":0},"end":{"line":29,"column":29}},"11":{"start":{"line":30,"column":0},"end":{"line":30,"column":45}},"12":{"start":{"line":31,"column":0},"end":{"line":31,"column":43}}},"fnMap":{"0":{"name":"readLocal","decl":{"start":{"line":9,"column":16},"end":{"line":9,"column":25}},"loc":{"start":{"line":12,"column":2},"end":{"line":27,"column":1}},"line":12},"1":{"name":"(anonymous_1)","decl":{"start":{"line":13,"column":21},"end":{"line":13,"column":22}},"loc":{"start":{"line":13,"column":42},"end":{"line":26,"column":3}},"line":13},"2":{"name":"(anonymous_2)","decl":{"start":{"line":18,"column":16},"end":{"line":18,"column":17}},"loc":{"start":{"line":18,"column":25},"end":{"line":21,"column":5}},"line":18},"3":{"name":"(anonymous_3)","decl":{"start":{"line":22,"column":17},"end":{"line":22,"column":18}},"loc":{"start":{"line":22,"column":26},"end":{"line":24,"column":5}},"line":22}},"branchMap":{"0":{"loc":{"start":{"line":11,"column":2},"end":{"line":11,"column":55}},"type":"default-arg","locations":[{"start":{"line":11,"column":53},"end":{"line":11,"column":55}}],"line":11},"1":{"loc":{"start":{"line":11,"column":4},"end":{"line":11,"column":28}},"type":"default-arg","locations":[{"start":{"line":11,"column":11},"end":{"line":11,"column":28}}],"line":11},"2":{"loc":{"start":{"line":11,"column":30},"end":{"line":11,"column":48}},"type":"default-arg","locations":[{"start":{"line":11,"column":41},"end":{"line":11,"column":48}}],"line":11},"3":{"loc":{"start":{"line":14,"column":4},"end":{"line":16,"column":5}},"type":"if","locations":[{"start":{"line":14,"column":4},"end":{"line":16,"column":5}},{"start":{"line":14,"column":4},"end":{"line":16,"column":5}}],"line":14}},"s":{"0":0,"1":0,"2":0,"3":0,"4":0,"5":0,"6":0,"7":0,"8":0,"9":2,"10":2,"11":2,"12":2},"f":{"0":0,"1":0,"2":0,"3":0},"b":{"0":[0],"1":[0],"2":[0],"3":[0,0]},"_coverageSchema":"43e27e138ebf9cfc5966b082cf9a028302ed4184","hash":"b863ccf5722d7dbb55739c9f3fb087cdbb54fadd"}
,"D:\\Text\\nodejs\\rx-util\\src\\module\\ajax\\spliceParams.js": {"path":"D:\\Text\\nodejs\\rx-util\\src\\module\\ajax\\spliceParams.js","statementMap":{"0":{"start":{"line":7,"column":22},"end":{"line":7,"column":47}},"1":{"start":{"line":13,"column":15},"end":{"line":13,"column":76}},"2":{"start":{"line":13,"column":25},"end":{"line":13,"column":76}},"3":{"start":{"line":21,"column":2},"end":{"line":23,"column":3}},"4":{"start":{"line":22,"column":4},"end":{"line":22,"column":67}},"5":{"start":{"line":24,"column":2},"end":{"line":42,"column":8}},"6":{"start":{"line":25,"column":4},"end":{"line":40,"column":5}},"7":{"start":{"line":26,"column":6},"end":{"line":26,"column":16}},"8":{"start":{"line":27,"column":11},"end":{"line":40,"column":5}},"9":{"start":{"line":28,"column":6},"end":{"line":28,"column":52}},"10":{"start":{"line":29,"column":11},"end":{"line":40,"column":5}},"11":{"start":{"line":30,"column":6},"end":{"line":37,"column":18}},"12":{"start":{"line":32,"column":10},"end":{"line":35,"column":11}},"13":{"start":{"line":39,"column":6},"end":{"line":39,"column":25}},"14":{"start":{"line":41,"column":4},"end":{"line":41,"column":23}}},"fnMap":{"0":{"name":"(anonymous_0)","decl":{"start":{"line":13,"column":15},"end":{"line":13,"column":16}},"loc":{"start":{"line":13,"column":25},"end":{"line":13,"column":76}},"line":13},"1":{"name":"spliceParams","decl":{"start":{"line":20,"column":16},"end":{"line":20,"column":28}},"loc":{"start":{"line":20,"column":43},"end":{"line":43,"column":1}},"line":20},"2":{"name":"(anonymous_2)","decl":{"start":{"line":24,"column":51},"end":{"line":24,"column":52}},"loc":{"start":{"line":24,"column":68},"end":{"line":42,"column":3}},"line":24},"3":{"name":"(anonymous_3)","decl":{"start":{"line":31,"column":13},"end":{"line":31,"column":14}},"loc":{"start":{"line":32,"column":10},"end":{"line":35,"column":11}},"line":32}},"branchMap":{"0":{"loc":{"start":{"line":20,"column":30},"end":{"line":20,"column":41}},"type":"default-arg","locations":[{"start":{"line":20,"column":39},"end":{"line":20,"column":41}}],"line":20},"1":{"loc":{"start":{"line":21,"column":2},"end":{"line":23,"column":3}},"type":"if","locations":[{"start":{"line":21,"column":2},"end":{"line":23,"column":3}},{"start":{"line":21,"column":2},"end":{"line":23,"column":3}}],"line":21},"2":{"loc":{"start":{"line":25,"column":4},"end":{"line":40,"column":5}},"type":"if","locations":[{"start":{"line":25,"column":4},"end":{"line":40,"column":5}},{"start":{"line":25,"column":4},"end":{"line":40,"column":5}}],"line":25},"3":{"loc":{"start":{"line":25,"column":8},"end":{"line":25,"column":37}},"type":"binary-expr","locations":[{"start":{"line":25,"column":8},"end":{"line":25,"column":23}},{"start":{"line":25,"column":27},"end":{"line":25,"column":37}}],"line":25},"4":{"loc":{"start":{"line":27,"column":11},"end":{"line":40,"column":5}},"type":"if","locations":[{"start":{"line":27,"column":11},"end":{"line":40,"column":5}},{"start":{"line":27,"column":11},"end":{"line":40,"column":5}}],"line":27},"5":{"loc":{"start":{"line":29,"column":11},"end":{"line":40,"column":5}},"type":"if","locations":[{"start":{"line":29,"column":11},"end":{"line":40,"column":5}},{"start":{"line":29,"column":11},"end":{"line":40,"column":5}}],"line":29},"6":{"loc":{"start":{"line":34,"column":12},"end":{"line":34,"column":73}},"type":"cond-expr","locations":[{"start":{"line":34,"column":35},"end":{"line":34,"column":66}},{"start":{"line":34,"column":69},"end":{"line":34,"column":73}}],"line":34}},"s":{"0":3,"1":3,"2":10,"3":7,"4":1,"5":6,"6":7,"7":0,"8":7,"9":1,"10":6,"11":2,"12":5,"13":4,"14":7},"f":{"0":10,"1":7,"2":7,"3":5},"b":{"0":[1],"1":[1,6],"2":[0,7],"3":[7,7],"4":[1,6],"5":[2,4],"6":[2,3]},"_coverageSchema":"43e27e138ebf9cfc5966b082cf9a028302ed4184","hash":"7aa296f2b6bbd42d619caf681d2c32593313a848"}
,"D:\\Text\\nodejs\\rx-util\\src\\module\\ajax\\strToArrayBuffer.js": {"path":"D:\\Text\\nodejs\\rx-util\\src\\module\\ajax\\strToArrayBuffer.js","statementMap":{"0":{"start":{"line":8,"column":14},"end":{"line":8,"column":41}},"1":{"start":{"line":9,"column":15},"end":{"line":9,"column":34}},"2":{"start":{"line":10,"column":2},"end":{"line":12,"column":3}},"3":{"start":{"line":10,"column":15},"end":{"line":10,"column":16}},"4":{"start":{"line":11,"column":4},"end":{"line":11,"column":38}},"5":{"start":{"line":13,"column":2},"end":{"line":13,"column":12}}},"fnMap":{"0":{"name":"strToArrayBuffer","decl":{"start":{"line":7,"column":16},"end":{"line":7,"column":32}},"loc":{"start":{"line":7,"column":39},"end":{"line":14,"column":1}},"line":7}},"branchMap":{},"s":{"0":0,"1":0,"2":0,"3":0,"4":0,"5":0},"f":{"0":0},"b":{},"_coverageSchema":"43e27e138ebf9cfc5966b082cf9a028302ed4184","hash":"6f5a955feaa6f4e42d86745f476932326bec3a75"}
,"D:\\Text\\nodejs\\rx-util\\src\\module\\array\\arrayDiffBy.js": {"path":"D:\\Text\\nodejs\\rx-util\\src\\module\\array\\arrayDiffBy.js","statementMap":{"0":{"start":{"line":18,"column":4},"end":{"line":18,"column":20}},"1":{"start":{"line":22,"column":4},"end":{"line":22,"column":22}},"2":{"start":{"line":26,"column":4},"end":{"line":26,"column":24}},"3":{"start":{"line":39,"column":19},"end":{"line":39,"column":44}},"4":{"start":{"line":41,"column":19},"end":{"line":41,"column":44}},"5":{"start":{"line":42,"column":15},"end":{"line":42,"column":57}},"6":{"start":{"line":42,"column":35},"end":{"line":42,"column":56}},"7":{"start":{"line":43,"column":16},"end":{"line":43,"column":58}},"8":{"start":{"line":43,"column":36},"end":{"line":43,"column":57}},"9":{"start":{"line":45,"column":19},"end":{"line":45,"column":41}},"10":{"start":{"line":46,"column":17},"end":{"line":46,"column":59}},"11":{"start":{"line":46,"column":37},"end":{"line":46,"column":58}},"12":{"start":{"line":47,"column":2},"end":{"line":47,"column":43}}},"fnMap":{"0":{"name":"(anonymous_0)","decl":{"start":{"line":14,"column":2},"end":{"line":14,"column":3}},"loc":{"start":{"line":14,"column":36},"end":{"line":27,"column":3}},"line":14},"1":{"name":"arrayDiffBy","decl":{"start":{"line":37,"column":16},"end":{"line":37,"column":27}},"loc":{"start":{"line":37,"column":67},"end":{"line":48,"column":1}},"line":37},"2":{"name":"(anonymous_2)","decl":{"start":{"line":42,"column":30},"end":{"line":42,"column":31}},"loc":{"start":{"line":42,"column":35},"end":{"line":42,"column":56}},"line":42},"3":{"name":"(anonymous_3)","decl":{"start":{"line":43,"column":31},"end":{"line":43,"column":32}},"loc":{"start":{"line":43,"column":36},"end":{"line":43,"column":57}},"line":43},"4":{"name":"(anonymous_4)","decl":{"start":{"line":46,"column":32},"end":{"line":46,"column":33}},"loc":{"start":{"line":46,"column":37},"end":{"line":46,"column":58}},"line":46}},"branchMap":{"0":{"loc":{"start":{"line":37,"column":47},"end":{"line":37,"column":65}},"type":"default-arg","locations":[{"start":{"line":37,"column":53},"end":{"line":37,"column":65}}],"line":37}},"s":{"0":2,"1":2,"2":2,"3":2,"4":2,"5":2,"6":8,"7":2,"8":6,"9":2,"10":2,"11":8,"12":2},"f":{"0":2,"1":2,"2":8,"3":6,"4":8},"b":{"0":[1]},"_coverageSchema":"43e27e138ebf9cfc5966b082cf9a028302ed4184","hash":"723f68c9f43da1aab5ee50b88beb37ea86ade43c"}
,"D:\\Text\\nodejs\\rx-util\\src\\module\\array\\arrayToMap.js": {"path":"D:\\Text\\nodejs\\rx-util\\src\\module\\array\\arrayToMap.js","statementMap":{"0":{"start":{"line":8,"column":51},"end":{"line":8,"column":52}},"1":{"start":{"line":9,"column":2},"end":{"line":12,"column":15}},"2":{"start":{"line":10,"column":4},"end":{"line":10,"column":33}},"3":{"start":{"line":11,"column":4},"end":{"line":11,"column":14}}},"fnMap":{"0":{"name":"arrayToMap","decl":{"start":{"line":8,"column":16},"end":{"line":8,"column":26}},"loc":{"start":{"line":8,"column":54},"end":{"line":13,"column":1}},"line":8},"1":{"name":"(anonymous_1)","decl":{"start":{"line":8,"column":46},"end":{"line":8,"column":47}},"loc":{"start":{"line":8,"column":51},"end":{"line":8,"column":52}},"line":8},"2":{"name":"(anonymous_2)","decl":{"start":{"line":9,"column":22},"end":{"line":9,"column":23}},"loc":{"start":{"line":9,"column":37},"end":{"line":12,"column":3}},"line":9}},"branchMap":{"0":{"loc":{"start":{"line":8,"column":40},"end":{"line":8,"column":52}},"type":"default-arg","locations":[{"start":{"line":8,"column":46},"end":{"line":8,"column":52}}],"line":8}},"s":{"0":3,"1":11,"2":73,"3":73},"f":{"0":11,"1":3,"2":73},"b":{"0":[1]},"_coverageSchema":"43e27e138ebf9cfc5966b082cf9a028302ed4184","hash":"32289f2f159e022f519290f94e0c4acf28accb29"}
,"D:\\Text\\nodejs\\rx-util\\src\\module\\array\\asIterator.js": {"path":"D:\\Text\\nodejs\\rx-util\\src\\module\\array\\asIterator.js","statementMap":{"0":{"start":{"line":8,"column":14},"end":{"line":8,"column":16}},"1":{"start":{"line":9,"column":2},"end":{"line":15,"column":3}},"2":{"start":{"line":10,"column":17},"end":{"line":10,"column":32}},"3":{"start":{"line":11,"column":4},"end":{"line":13,"column":5}},"4":{"start":{"line":12,"column":6},"end":{"line":12,"column":11}},"5":{"start":{"line":14,"column":4},"end":{"line":14,"column":24}},"6":{"start":{"line":16,"column":2},"end":{"line":16,"column":12}}},"fnMap":{"0":{"name":"asIterator","decl":{"start":{"line":7,"column":16},"end":{"line":7,"column":26}},"loc":{"start":{"line":7,"column":38},"end":{"line":17,"column":1}},"line":7}},"branchMap":{"0":{"loc":{"start":{"line":11,"column":4},"end":{"line":13,"column":5}},"type":"if","locations":[{"start":{"line":11,"column":4},"end":{"line":13,"column":5}},{"start":{"line":11,"column":4},"end":{"line":13,"column":5}}],"line":11}},"s":{"0":1,"1":1,"2":3,"3":3,"4":1,"5":2,"6":1},"f":{"0":1},"b":{"0":[1,2]},"_coverageSchema":"43e27e138ebf9cfc5966b082cf9a028302ed4184","hash":"c553f87a3a2a0273970403ba8fd6e497f56362c1"}
,"D:\\Text\\nodejs\\rx-util\\src\\module\\array\\asyncFlatMap.js": {"path":"D:\\Text\\nodejs\\rx-util\\src\\module\\array\\asyncFlatMap.js","statementMap":{"0":{"start":{"line":8,"column":12},"end":{"line":8,"column":14}},"1":{"start":{"line":9,"column":2},"end":{"line":11,"column":3}},"2":{"start":{"line":10,"column":4},"end":{"line":10,"column":38}},"3":{"start":{"line":12,"column":2},"end":{"line":12,"column":12}}},"fnMap":{"0":{"name":"asyncFlatMap","decl":{"start":{"line":7,"column":22},"end":{"line":7,"column":34}},"loc":{"start":{"line":7,"column":45},"end":{"line":13,"column":1}},"line":7}},"branchMap":{},"s":{"0":1,"1":1,"2":3,"3":1},"f":{"0":1},"b":{},"_coverageSchema":"43e27e138ebf9cfc5966b082cf9a028302ed4184","hash":"64c61f526db60d455597aeff4d601930c89a15be"}
,"D:\\Text\\nodejs\\rx-util\\src\\module\\array\\filterItems.js": {"path":"D:\\Text\\nodejs\\rx-util\\src\\module\\array\\filterItems.js","statementMap":{"0":{"start":{"line":12,"column":15},"end":{"line":12,"column":44}},"1":{"start":{"line":13,"column":2},"end":{"line":13,"column":43}},"2":{"start":{"line":13,"column":25},"end":{"line":13,"column":42}}},"fnMap":{"0":{"name":"filterItems","decl":{"start":{"line":10,"column":16},"end":{"line":10,"column":27}},"loc":{"start":{"line":10,"column":67},"end":{"line":14,"column":1}},"line":10},"1":{"name":"(anonymous_1)","decl":{"start":{"line":13,"column":20},"end":{"line":13,"column":21}},"loc":{"start":{"line":13,"column":25},"end":{"line":13,"column":42}},"line":13}},"branchMap":{"0":{"loc":{"start":{"line":10,"column":47},"end":{"line":10,"column":65}},"type":"default-arg","locations":[{"start":{"line":10,"column":53},"end":{"line":10,"column":65}}],"line":10}},"s":{"0":3,"1":3,"2":12},"f":{"0":3,"1":12},"b":{"0":[2]},"_coverageSchema":"43e27e138ebf9cfc5966b082cf9a028302ed4184","hash":"8320133709c07aa623743541b46c1bec291122e0"}
,"D:\\Text\\nodejs\\rx-util\\src\\module\\array\\flatMap.js": {"path":"D:\\Text\\nodejs\\rx-util\\src\\module\\array\\flatMap.js","statementMap":{"0":{"start":{"line":10,"column":2},"end":{"line":10,"column":60}},"1":{"start":{"line":10,"column":35},"end":{"line":10,"column":55}}},"fnMap":{"0":{"name":"flatMap","decl":{"start":{"line":8,"column":16},"end":{"line":8,"column":23}},"loc":{"start":{"line":8,"column":34},"end":{"line":11,"column":1}},"line":8},"1":{"name":"(anonymous_1)","decl":{"start":{"line":10,"column":20},"end":{"line":10,"column":21}},"loc":{"start":{"line":10,"column":35},"end":{"line":10,"column":55}},"line":10}},"branchMap":{},"s":{"0":1,"1":3},"f":{"0":1,"1":3},"b":{},"_coverageSchema":"43e27e138ebf9cfc5966b082cf9a028302ed4184","hash":"d2f2487417f52515d8b3235f3a035176476c7535"}
,"D:\\Text\\nodejs\\rx-util\\src\\module\\array\\groupBy.js": {"path":"D:\\Text\\nodejs\\rx-util\\src\\module\\array\\groupBy.js","statementMap":{"0":{"start":{"line":10,"column":2},"end":{"line":18,"column":15}},"1":{"start":{"line":11,"column":17},"end":{"line":11,"column":25}},"2":{"start":{"line":13,"column":4},"end":{"line":15,"column":5}},"3":{"start":{"line":14,"column":6},"end":{"line":14,"column":23}},"4":{"start":{"line":16,"column":4},"end":{"line":16,"column":28}},"5":{"start":{"line":17,"column":4},"end":{"line":17,"column":14}}},"fnMap":{"0":{"name":"groupBy","decl":{"start":{"line":8,"column":16},"end":{"line":8,"column":23}},"loc":{"start":{"line":8,"column":34},"end":{"line":19,"column":1}},"line":8},"1":{"name":"(anonymous_1)","decl":{"start":{"line":10,"column":20},"end":{"line":10,"column":21}},"loc":{"start":{"line":10,"column":35},"end":{"line":18,"column":3}},"line":10}},"branchMap":{"0":{"loc":{"start":{"line":13,"column":4},"end":{"line":15,"column":5}},"type":"if","locations":[{"start":{"line":13,"column":4},"end":{"line":15,"column":5}},{"start":{"line":13,"column":4},"end":{"line":15,"column":5}}],"line":13}},"s":{"0":9,"1":21,"2":21,"3":14,"4":21,"5":21},"f":{"0":9,"1":21},"b":{"0":[14,7]},"_coverageSchema":"43e27e138ebf9cfc5966b082cf9a028302ed4184","hash":"11ef1869bb1b482507c950f2ac0f648bb6ea6eda"}
,"D:\\Text\\nodejs\\rx-util\\src\\module\\array\\range.js": {"path":"D:\\Text\\nodejs\\rx-util\\src\\module\\array\\range.js","statementMap":{"0":{"start":{"line":9,"column":14},"end":{"line":9,"column":16}},"1":{"start":{"line":10,"column":2},"end":{"line":12,"column":3}},"2":{"start":{"line":10,"column":15},"end":{"line":10,"column":20}},"3":{"start":{"line":11,"column":4},"end":{"line":11,"column":15}},"4":{"start":{"line":13,"column":2},"end":{"line":13,"column":12}}},"fnMap":{"0":{"name":"range","decl":{"start":{"line":8,"column":16},"end":{"line":8,"column":21}},"loc":{"start":{"line":8,"column":44},"end":{"line":14,"column":1}},"line":8}},"branchMap":{"0":{"loc":{"start":{"line":8,"column":35},"end":{"line":8,"column":42}},"type":"default-arg","locations":[{"start":{"line":8,"column":41},"end":{"line":8,"column":42}}],"line":8}},"s":{"0":23,"1":23,"2":23,"3":79,"4":23},"f":{"0":23},"b":{"0":[23]},"_coverageSchema":"43e27e138ebf9cfc5966b082cf9a028302ed4184","hash":"fd5f749ba55075083753359dc1aec005db65f16f"}
,"D:\\Text\\nodejs\\rx-util\\src\\module\\array\\sortBy.js": {"path":"D:\\Text\\nodejs\\rx-util\\src\\module\\array\\sortBy.js","statementMap":{"0":{"start":{"line":13,"column":2},"end":{"line":15,"column":3}},"1":{"start":{"line":14,"column":4},"end":{"line":14,"column":14}},"2":{"start":{"line":17,"column":22},"end":{"line":17,"column":48}},"3":{"start":{"line":18,"column":17},"end":{"line":18,"column":28}},"4":{"start":{"line":19,"column":17},"end":{"line":19,"column":49}},"5":{"start":{"line":20,"column":22},"end":{"line":20,"column":33}},"6":{"start":{"line":21,"column":14},"end":{"line":21,"column":62}},"7":{"start":{"line":21,"column":38},"end":{"line":21,"column":61}},"8":{"start":{"line":23,"column":2},"end":{"line":27,"column":3}}},"fnMap":{"0":{"name":"sortBy","decl":{"start":{"line":11,"column":16},"end":{"line":11,"column":22}},"loc":{"start":{"line":11,"column":49},"end":{"line":28,"column":1}},"line":11},"1":{"name":"(anonymous_1)","decl":{"start":{"line":21,"column":30},"end":{"line":21,"column":31}},"loc":{"start":{"line":21,"column":38},"end":{"line":21,"column":61}},"line":21}},"branchMap":{"0":{"loc":{"start":{"line":11,"column":29},"end":{"line":11,"column":47}},"type":"default-arg","locations":[{"start":{"line":11,"column":35},"end":{"line":11,"column":47}}],"line":11},"1":{"loc":{"start":{"line":13,"column":2},"end":{"line":15,"column":3}},"type":"if","locations":[{"start":{"line":13,"column":2},"end":{"line":15,"column":3}},{"start":{"line":13,"column":2},"end":{"line":15,"column":3}}],"line":13},"2":{"loc":{"start":{"line":24,"column":14},"end":{"line":24,"column":33}},"type":"binary-expr","locations":[{"start":{"line":24,"column":14},"end":{"line":24,"column":27}},{"start":{"line":24,"column":31},"end":{"line":24,"column":33}}],"line":24},"3":{"loc":{"start":{"line":26,"column":14},"end":{"line":26,"column":34}},"type":"binary-expr","locations":[{"start":{"line":26,"column":14},"end":{"line":26,"column":28}},{"start":{"line":26,"column":32},"end":{"line":26,"column":34}}],"line":26}},"s":{"0":20,"1":12,"2":8,"3":8,"4":8,"5":8,"6":8,"7":18,"8":8},"f":{"0":20,"1":18},"b":{"0":[1],"1":[12,8],"2":[8,2],"3":[8,2]},"_coverageSchema":"43e27e138ebf9cfc5966b082cf9a028302ed4184","hash":"7b03491f7c0c10a03d6ad64762f84cf4988a975c"}
,"D:\\Text\\nodejs\\rx-util\\src\\module\\array\\toObject.js": {"path":"D:\\Text\\nodejs\\rx-util\\src\\module\\array\\toObject.js","statementMap":{"0":{"start":{"line":9,"column":50},"end":{"line":9,"column":54}},"1":{"start":{"line":10,"column":2},"end":{"line":15,"column":8}},"2":{"start":{"line":11,"column":4},"end":{"line":13,"column":5}},"3":{"start":{"line":12,"column":6},"end":{"line":12,"column":32}},"4":{"start":{"line":14,"column":4},"end":{"line":14,"column":14}}},"fnMap":{"0":{"name":"toObject","decl":{"start":{"line":9,"column":16},"end":{"line":9,"column":24}},"loc":{"start":{"line":9,"column":56},"end":{"line":16,"column":1}},"line":9},"1":{"name":"(anonymous_1)","decl":{"start":{"line":9,"column":42},"end":{"line":9,"column":43}},"loc":{"start":{"line":9,"column":50},"end":{"line":9,"column":54}},"line":9},"2":{"name":"(anonymous_2)","decl":{"start":{"line":10,"column":20},"end":{"line":10,"column":21}},"loc":{"start":{"line":10,"column":35},"end":{"line":15,"column":3}},"line":10}},"branchMap":{"0":{"loc":{"start":{"line":9,"column":36},"end":{"line":9,"column":54}},"type":"default-arg","locations":[{"start":{"line":9,"column":42},"end":{"line":9,"column":54}}],"line":9},"1":{"loc":{"start":{"line":11,"column":4},"end":{"line":13,"column":5}},"type":"if","locations":[{"start":{"line":11,"column":4},"end":{"line":13,"column":5}},{"start":{"line":11,"column":4},"end":{"line":13,"column":5}}],"line":11}},"s":{"0":3,"1":1,"2":3,"3":3,"4":3},"f":{"0":1,"1":3,"2":3},"b":{"0":[1],"1":[3,0]},"_coverageSchema":"43e27e138ebf9cfc5966b082cf9a028302ed4184","hash":"16ee3b476e19adf00efbba5b4d5d715b5e012acf"}
,"D:\\Text\\nodejs\\rx-util\\src\\module\\array\\uniqueBy.js": {"path":"D:\\Text\\nodejs\\rx-util\\src\\module\\array\\uniqueBy.js","statementMap":{"0":{"start":{"line":7,"column":44},"end":{"line":7,"column":64}},"1":{"start":{"line":8,"column":14},"end":{"line":8,"column":16}},"2":{"start":{"line":9,"column":2},"end":{"line":11,"column":3}},"3":{"start":{"line":10,"column":4},"end":{"line":10,"column":65}}},"fnMap":{"0":{"name":"uniqueBy","decl":{"start":{"line":7,"column":16},"end":{"line":7,"column":24}},"loc":{"start":{"line":7,"column":66},"end":{"line":12,"column":1}},"line":7},"1":{"name":"(anonymous_1)","decl":{"start":{"line":7,"column":36},"end":{"line":7,"column":37}},"loc":{"start":{"line":7,"column":44},"end":{"line":7,"column":64}},"line":7},"2":{"name":"(anonymous_2)","decl":{"start":{"line":9,"column":20},"end":{"line":9,"column":21}},"loc":{"start":{"line":10,"column":4},"end":{"line":10,"column":65}},"line":10}},"branchMap":{"0":{"loc":{"start":{"line":7,"column":31},"end":{"line":7,"column":64}},"type":"default-arg","locations":[{"start":{"line":7,"column":36},"end":{"line":7,"column":64}}],"line":7},"1":{"loc":{"start":{"line":10,"column":4},"end":{"line":10,"column":65}},"type":"cond-expr","locations":[{"start":{"line":10,"column":35},"end":{"line":10,"column":40}},{"start":{"line":10,"column":44},"end":{"line":10,"column":64}}],"line":10}},"s":{"0":11,"1":1,"2":1,"3":7},"f":{"0":1,"1":11,"2":7},"b":{"0":[1],"1":[3,4]},"_coverageSchema":"43e27e138ebf9cfc5966b082cf9a028302ed4184","hash":"07a20301bfd6c35a6bb00915015faf4c2f42775a"}
,"D:\\Text\\nodejs\\rx-util\\src\\module\\date\\DateFormatter.js": {"path":"D:\\Text\\nodejs\\rx-util\\src\\module\\date\\DateFormatter.js","statementMap":{"0":{"start":{"line":17,"column":4},"end":{"line":17,"column":18}},"1":{"start":{"line":25,"column":4},"end":{"line":25,"column":37}},"2":{"start":{"line":33,"column":4},"end":{"line":33,"column":35}},"3":{"start":{"line":43,"column":17},"end":{"line":43,"column":68}},"4":{"start":{"line":44,"column":4},"end":{"line":44,"column":37}},"5":{"start":{"line":51,"column":0},"end":{"line":51,"column":61}},"6":{"start":{"line":55,"column":0},"end":{"line":55,"column":59}},"7":{"start":{"line":59,"column":0},"end":{"line":59,"column":74}}},"fnMap":{"0":{"name":"(anonymous_0)","decl":{"start":{"line":13,"column":2},"end":{"line":13,"column":3}},"loc":{"start":{"line":13,"column":20},"end":{"line":18,"column":3}},"line":13},"1":{"name":"(anonymous_1)","decl":{"start":{"line":24,"column":2},"end":{"line":24,"column":3}},"loc":{"start":{"line":24,"column":16},"end":{"line":26,"column":3}},"line":24},"2":{"name":"(anonymous_2)","decl":{"start":{"line":32,"column":2},"end":{"line":32,"column":3}},"loc":{"start":{"line":32,"column":14},"end":{"line":34,"column":3}},"line":32},"3":{"name":"(anonymous_3)","decl":{"start":{"line":42,"column":2},"end":{"line":42,"column":3}},"loc":{"start":{"line":42,"column":28},"end":{"line":45,"column":3}},"line":42}},"branchMap":{"0":{"loc":{"start":{"line":43,"column":17},"end":{"line":43,"column":68}},"type":"cond-expr","locations":[{"start":{"line":43,"column":28},"end":{"line":43,"column":52}},{"start":{"line":43,"column":55},"end":{"line":43,"column":68}}],"line":43}},"s":{"0":11,"1":1,"2":1,"3":4,"4":4,"5":3,"6":3,"7":3},"f":{"0":11,"1":1,"2":1,"3":4},"b":{"0":[1,3]},"_coverageSchema":"43e27e138ebf9cfc5966b082cf9a028302ed4184","hash":"647cf458f3838c942fb313f49ed3254229957e16"}
,"D:\\Text\\nodejs\\rx-util\\src\\module\\date\\dateBetween.js": {"path":"D:\\Text\\nodejs\\rx-util\\src\\module\\date\\dateBetween.js","statementMap":{"0":{"start":{"line":15,"column":4},"end":{"line":15,"column":22}},"1":{"start":{"line":19,"column":4},"end":{"line":19,"column":18}},"2":{"start":{"line":26,"column":4},"end":{"line":26,"column":52}},"3":{"start":{"line":33,"column":4},"end":{"line":33,"column":48}},"4":{"start":{"line":40,"column":4},"end":{"line":40,"column":41}},"5":{"start":{"line":47,"column":4},"end":{"line":47,"column":41}},"6":{"start":{"line":54,"column":4},"end":{"line":54,"column":39}},"7":{"start":{"line":62,"column":17},"end":{"line":62,"column":28}},"8":{"start":{"line":63,"column":18},"end":{"line":63,"column":61}},"9":{"start":{"line":64,"column":4},"end":{"line":64,"column":28}},"10":{"start":{"line":72,"column":4},"end":{"line":72,"column":60}},"11":{"start":{"line":83,"column":2},"end":{"line":83,"column":36}}},"fnMap":{"0":{"name":"(anonymous_0)","decl":{"start":{"line":11,"column":2},"end":{"line":11,"column":3}},"loc":{"start":{"line":11,"column":27},"end":{"line":20,"column":3}},"line":11},"1":{"name":"(anonymous_1)","decl":{"start":{"line":25,"column":2},"end":{"line":25,"column":3}},"loc":{"start":{"line":25,"column":17},"end":{"line":27,"column":3}},"line":25},"2":{"name":"(anonymous_2)","decl":{"start":{"line":32,"column":2},"end":{"line":32,"column":3}},"loc":{"start":{"line":32,"column":12},"end":{"line":34,"column":3}},"line":32},"3":{"name":"(anonymous_3)","decl":{"start":{"line":39,"column":2},"end":{"line":39,"column":3}},"loc":{"start":{"line":39,"column":12},"end":{"line":41,"column":3}},"line":39},"4":{"name":"(anonymous_4)","decl":{"start":{"line":46,"column":2},"end":{"line":46,"column":3}},"loc":{"start":{"line":46,"column":10},"end":{"line":48,"column":3}},"line":46},"5":{"name":"(anonymous_5)","decl":{"start":{"line":53,"column":2},"end":{"line":53,"column":3}},"loc":{"start":{"line":53,"column":9},"end":{"line":55,"column":3}},"line":53},"6":{"name":"(anonymous_6)","decl":{"start":{"line":61,"column":2},"end":{"line":61,"column":3}},"loc":{"start":{"line":61,"column":11},"end":{"line":65,"column":3}},"line":61},"7":{"name":"(anonymous_7)","decl":{"start":{"line":71,"column":2},"end":{"line":71,"column":3}},"loc":{"start":{"line":71,"column":10},"end":{"line":73,"column":3}},"line":71},"8":{"name":"dateBetween","decl":{"start":{"line":82,"column":16},"end":{"line":82,"column":27}},"loc":{"start":{"line":82,"column":41},"end":{"line":84,"column":1}},"line":82}},"branchMap":{},"s":{"0":3,"1":3,"2":11,"3":9,"4":7,"5":5,"6":3,"7":2,"8":2,"9":2,"10":5,"11":3},"f":{"0":3,"1":11,"2":9,"3":7,"4":5,"5":3,"6":2,"7":5,"8":3},"b":{},"_coverageSchema":"43e27e138ebf9cfc5966b082cf9a028302ed4184","hash":"2dcb2b02fecf53fd8d1992d287ade6bbbc8e3682"}
,"D:\\Text\\nodejs\\rx-util\\src\\module\\date\\dateConstants.js": {"path":"D:\\Text\\nodejs\\rx-util\\src\\module\\date\\dateConstants.js","statementMap":{"0":{"start":{"line":14,"column":4},"end":{"line":14,"column":69}},"1":{"start":{"line":22,"column":4},"end":{"line":22,"column":69}},"2":{"start":{"line":30,"column":4},"end":{"line":30,"column":63}},"3":{"start":{"line":38,"column":4},"end":{"line":38,"column":63}},"4":{"start":{"line":46,"column":29},"end":{"line":46,"column":48}}},"fnMap":{"0":{"name":"(anonymous_0)","decl":{"start":{"line":13,"column":2},"end":{"line":13,"column":3}},"loc":{"start":{"line":13,"column":31},"end":{"line":15,"column":3}},"line":13},"1":{"name":"(anonymous_1)","decl":{"start":{"line":21,"column":2},"end":{"line":21,"column":3}},"loc":{"start":{"line":21,"column":29},"end":{"line":23,"column":3}},"line":21},"2":{"name":"(anonymous_2)","decl":{"start":{"line":29,"column":2},"end":{"line":29,"column":3}},"loc":{"start":{"line":29,"column":32},"end":{"line":31,"column":3}},"line":29},"3":{"name":"(anonymous_3)","decl":{"start":{"line":37,"column":2},"end":{"line":37,"column":3}},"loc":{"start":{"line":37,"column":30},"end":{"line":39,"column":3}},"line":37}},"branchMap":{"0":{"loc":{"start":{"line":13,"column":12},"end":{"line":13,"column":29}},"type":"default-arg","locations":[{"start":{"line":13,"column":19},"end":{"line":13,"column":29}}],"line":13},"1":{"loc":{"start":{"line":21,"column":10},"end":{"line":21,"column":27}},"type":"default-arg","locations":[{"start":{"line":21,"column":17},"end":{"line":21,"column":27}}],"line":21},"2":{"loc":{"start":{"line":29,"column":13},"end":{"line":29,"column":30}},"type":"default-arg","locations":[{"start":{"line":29,"column":20},"end":{"line":29,"column":30}}],"line":29},"3":{"loc":{"start":{"line":37,"column":11},"end":{"line":37,"column":28}},"type":"default-arg","locations":[{"start":{"line":37,"column":18},"end":{"line":37,"column":28}}],"line":37}},"s":{"0":1,"1":1,"2":4,"3":1,"4":6},"f":{"0":1,"1":1,"2":4,"3":1},"b":{"0":[1],"1":[1],"2":[1],"3":[1]},"_coverageSchema":"43e27e138ebf9cfc5966b082cf9a028302ed4184","hash":"2a767229af0dd4ad17245b41b44b4ccc17efa66d"}
,"D:\\Text\\nodejs\\rx-util\\src\\module\\date\\dateEnhance.js": {"path":"D:\\Text\\nodejs\\rx-util\\src\\module\\date\\dateEnhance.js","statementMap":{"0":{"start":{"line":7,"column":22},"end":{"line":7,"column":41}},"1":{"start":{"line":20,"column":4},"end":{"line":20,"column":20}},"2":{"start":{"line":27,"column":4},"end":{"line":27,"column":34}},"3":{"start":{"line":35,"column":4},"end":{"line":35,"column":31}},"4":{"start":{"line":42,"column":4},"end":{"line":42,"column":35}},"5":{"start":{"line":50,"column":4},"end":{"line":53,"column":5}},"6":{"start":{"line":61,"column":4},"end":{"line":61,"column":30}},"7":{"start":{"line":68,"column":4},"end":{"line":68,"column":29}},"8":{"start":{"line":76,"column":4},"end":{"line":76,"column":42}},"9":{"start":{"line":83,"column":4},"end":{"line":83,"column":43}},"10":{"start":{"line":90,"column":18},"end":{"line":90,"column":30}},"11":{"start":{"line":91,"column":4},"end":{"line":99,"column":5}},"12":{"start":{"line":92,"column":6},"end":{"line":92,"column":14}},"13":{"start":{"line":93,"column":11},"end":{"line":99,"column":5}},"14":{"start":{"line":94,"column":6},"end":{"line":94,"column":14}},"15":{"start":{"line":95,"column":11},"end":{"line":99,"column":5}},"16":{"start":{"line":96,"column":6},"end":{"line":96,"column":14}},"17":{"start":{"line":98,"column":6},"end":{"line":98,"column":14}},"18":{"start":{"line":106,"column":4},"end":{"line":106,"column":31}},"19":{"start":{"line":113,"column":4},"end":{"line":113,"column":33}},"20":{"start":{"line":120,"column":4},"end":{"line":120,"column":33}},"21":{"start":{"line":127,"column":4},"end":{"line":127,"column":38}},"22":{"start":{"line":137,"column":2},"end":{"line":137,"column":30}}},"fnMap":{"0":{"name":"(anonymous_0)","decl":{"start":{"line":16,"column":2},"end":{"line":16,"column":3}},"loc":{"start":{"line":16,"column":21},"end":{"line":21,"column":3}},"line":16},"1":{"name":"(anonymous_1)","decl":{"start":{"line":26,"column":2},"end":{"line":26,"column":3}},"loc":{"start":{"line":26,"column":10},"end":{"line":28,"column":3}},"line":26},"2":{"name":"(anonymous_2)","decl":{"start":{"line":34,"column":2},"end":{"line":34,"column":3}},"loc":{"start":{"line":34,"column":11},"end":{"line":36,"column":3}},"line":34},"3":{"name":"(anonymous_3)","decl":{"start":{"line":41,"column":2},"end":{"line":41,"column":3}},"loc":{"start":{"line":41,"column":17},"end":{"line":43,"column":3}},"line":41},"4":{"name":"(anonymous_4)","decl":{"start":{"line":49,"column":2},"end":{"line":49,"column":3}},"loc":{"start":{"line":49,"column":15},"end":{"line":54,"column":3}},"line":49},"5":{"name":"(anonymous_5)","decl":{"start":{"line":60,"column":2},"end":{"line":60,"column":3}},"loc":{"start":{"line":60,"column":16},"end":{"line":62,"column":3}},"line":60},"6":{"name":"(anonymous_6)","decl":{"start":{"line":67,"column":2},"end":{"line":67,"column":3}},"loc":{"start":{"line":67,"column":15},"end":{"line":69,"column":3}},"line":67},"7":{"name":"(anonymous_7)","decl":{"start":{"line":75,"column":2},"end":{"line":75,"column":3}},"loc":{"start":{"line":75,"column":16},"end":{"line":77,"column":3}},"line":75},"8":{"name":"(anonymous_8)","decl":{"start":{"line":82,"column":2},"end":{"line":82,"column":3}},"loc":{"start":{"line":82,"column":17},"end":{"line":84,"column":3}},"line":82},"9":{"name":"(anonymous_9)","decl":{"start":{"line":89,"column":2},"end":{"line":89,"column":3}},"loc":{"start":{"line":89,"column":13},"end":{"line":100,"column":3}},"line":89},"10":{"name":"(anonymous_10)","decl":{"start":{"line":105,"column":2},"end":{"line":105,"column":3}},"loc":{"start":{"line":105,"column":10},"end":{"line":107,"column":3}},"line":105},"11":{"name":"(anonymous_11)","decl":{"start":{"line":112,"column":2},"end":{"line":112,"column":3}},"loc":{"start":{"line":112,"column":12},"end":{"line":114,"column":3}},"line":112},"12":{"name":"(anonymous_12)","decl":{"start":{"line":119,"column":2},"end":{"line":119,"column":3}},"loc":{"start":{"line":119,"column":12},"end":{"line":121,"column":3}},"line":119},"13":{"name":"(anonymous_13)","decl":{"start":{"line":126,"column":2},"end":{"line":126,"column":3}},"loc":{"start":{"line":126,"column":17},"end":{"line":128,"column":3}},"line":126},"14":{"name":"dateEnhance","decl":{"start":{"line":136,"column":16},"end":{"line":136,"column":27}},"loc":{"start":{"line":136,"column":35},"end":{"line":138,"column":1}},"line":136}},"branchMap":{"0":{"loc":{"start":{"line":91,"column":4},"end":{"line":99,"column":5}},"type":"if","locations":[{"start":{"line":91,"column":4},"end":{"line":99,"column":5}},{"start":{"line":91,"column":4},"end":{"line":99,"column":5}}],"line":91},"1":{"loc":{"start":{"line":93,"column":11},"end":{"line":99,"column":5}},"type":"if","locations":[{"start":{"line":93,"column":11},"end":{"line":99,"column":5}},{"start":{"line":93,"column":11},"end":{"line":99,"column":5}}],"line":93},"2":{"loc":{"start":{"line":95,"column":11},"end":{"line":99,"column":5}},"type":"if","locations":[{"start":{"line":95,"column":11},"end":{"line":99,"column":5}},{"start":{"line":95,"column":11},"end":{"line":99,"column":5}}],"line":95}},"s":{"0":3,"1":6,"2":1,"3":6,"4":1,"5":3,"6":2,"7":1,"8":2,"9":1,"10":5,"11":5,"12":2,"13":3,"14":1,"15":2,"16":1,"17":1,"18":1,"19":1,"20":1,"21":1,"22":6},"f":{"0":6,"1":1,"2":6,"3":1,"4":3,"5":2,"6":1,"7":2,"8":1,"9":5,"10":1,"11":1,"12":1,"13":1,"14":6},"b":{"0":[2,3],"1":[1,2],"2":[1,1]},"_coverageSchema":"43e27e138ebf9cfc5966b082cf9a028302ed4184","hash":"4a5d2d15090d347db9e88a91e4bfbadce84adaa2"}
,"D:\\Text\\nodejs\\rx-util\\src\\module\\date\\dateFormat.js": {"path":"D:\\Text\\nodejs\\rx-util\\src\\module\\date\\dateFormat.js","statementMap":{"0":{"start":{"line":8,"column":12},"end":{"line":17,"column":3}},"1":{"start":{"line":18,"column":2},"end":{"line":37,"column":3}},"2":{"start":{"line":19,"column":4},"end":{"line":21,"column":5}},"3":{"start":{"line":20,"column":6},"end":{"line":20,"column":14}},"4":{"start":{"line":22,"column":4},"end":{"line":36,"column":5}},"5":{"start":{"line":23,"column":6},"end":{"line":23,"column":76}},"6":{"start":{"line":24,"column":11},"end":{"line":36,"column":5}},"7":{"start":{"line":25,"column":17},"end":{"line":25,"column":33}},"8":{"start":{"line":26,"column":6},"end":{"line":26,"column":34}},"9":{"start":{"line":27,"column":6},"end":{"line":30,"column":7}},"10":{"start":{"line":32,"column":6},"end":{"line":35,"column":7}},"11":{"start":{"line":38,"column":2},"end":{"line":38,"column":12}}},"fnMap":{"0":{"name":"dateFormat","decl":{"start":{"line":7,"column":16},"end":{"line":7,"column":26}},"loc":{"start":{"line":7,"column":39},"end":{"line":39,"column":1}},"line":7}},"branchMap":{"0":{"loc":{"start":{"line":19,"column":4},"end":{"line":21,"column":5}},"type":"if","locations":[{"start":{"line":19,"column":4},"end":{"line":21,"column":5}},{"start":{"line":19,"column":4},"end":{"line":21,"column":5}}],"line":19},"1":{"loc":{"start":{"line":22,"column":4},"end":{"line":36,"column":5}},"type":"if","locations":[{"start":{"line":22,"column":4},"end":{"line":36,"column":5}},{"start":{"line":22,"column":4},"end":{"line":36,"column":5}}],"line":22},"2":{"loc":{"start":{"line":24,"column":11},"end":{"line":36,"column":5}},"type":"if","locations":[{"start":{"line":24,"column":11},"end":{"line":36,"column":5}},{"start":{"line":24,"column":11},"end":{"line":36,"column":5}}],"line":24},"3":{"loc":{"start":{"line":26,"column":13},"end":{"line":26,"column":34}},"type":"cond-expr","locations":[{"start":{"line":26,"column":26},"end":{"line":26,"column":27}},{"start":{"line":26,"column":30},"end":{"line":26,"column":34}}],"line":26},"4":{"loc":{"start":{"line":34,"column":8},"end":{"line":34,"column":80}},"type":"cond-expr","locations":[{"start":{"line":34,"column":33},"end":{"line":34,"column":37}},{"start":{"line":34,"column":40},"end":{"line":34,"column":80}}],"line":34}},"s":{"0":23,"1":23,"2":184,"3":78,"4":106,"5":19,"6":87,"7":7,"8":7,"9":7,"10":80,"11":23},"f":{"0":23},"b":{"0":[78,106],"1":[19,87],"2":[7,80],"3":[0,7],"4":[0,80]},"_coverageSchema":"43e27e138ebf9cfc5966b082cf9a028302ed4184","hash":"fa5e328a3861498e02606998a1401f25af9a3877"}
,"D:\\Text\\nodejs\\rx-util\\src\\module\\date\\dateParse.js": {"path":"D:\\Text\\nodejs\\rx-util\\src\\module\\date\\dateParse.js","statementMap":{"0":{"start":{"line":20,"column":4},"end":{"line":20,"column":20}},"1":{"start":{"line":24,"column":4},"end":{"line":24,"column":24}},"2":{"start":{"line":28,"column":4},"end":{"line":28,"column":22}},"3":{"start":{"line":32,"column":4},"end":{"line":32,"column":22}},"4":{"start":{"line":39,"column":20},"end":{"line":47,"column":1}},"5":{"start":{"line":56,"column":14},"end":{"line":56,"column":24}},"6":{"start":{"line":58,"column":28},"end":{"line":66,"column":3}},"7":{"start":{"line":68,"column":20},"end":{"line":68,"column":22}},"8":{"start":{"line":69,"column":2},"end":{"line":84,"column":3}},"9":{"start":{"line":70,"column":19},"end":{"line":70,"column":51}},"10":{"start":{"line":71,"column":4},"end":{"line":83,"column":5}},"11":{"start":{"line":72,"column":23},"end":{"line":72,"column":42}},"12":{"start":{"line":73,"column":23},"end":{"line":73,"column":49}},"13":{"start":{"line":74,"column":20},"end":{"line":74,"column":41}},"14":{"start":{"line":75,"column":6},"end":{"line":75,"column":43}},"15":{"start":{"line":76,"column":6},"end":{"line":78,"column":7}},"16":{"start":{"line":80,"column":6},"end":{"line":82,"column":7}},"17":{"start":{"line":86,"column":2},"end":{"line":86,"column":48}},"18":{"start":{"line":87,"column":2},"end":{"line":89,"column":3}},"19":{"start":{"line":88,"column":4},"end":{"line":88,"column":15}},"20":{"start":{"line":91,"column":2},"end":{"line":114,"column":6}},"21":{"start":{"line":93,"column":28},"end":{"line":93,"column":34}},"22":{"start":{"line":96,"column":6},"end":{"line":96,"column":30}},"23":{"start":{"line":100,"column":28},"end":{"line":100,"column":67}},"24":{"start":{"line":101,"column":6},"end":{"line":104,"column":7}},"25":{"start":{"line":102,"column":8},"end":{"line":102,"column":55}},"26":{"start":{"line":103,"column":8},"end":{"line":103,"column":39}},"27":{"start":{"line":105,"column":6},"end":{"line":105,"column":19}},"28":{"start":{"line":109,"column":28},"end":{"line":109,"column":60}},"29":{"start":{"line":110,"column":6},"end":{"line":113,"column":7}},"30":{"start":{"line":111,"column":8},"end":{"line":111,"column":55}},"31":{"start":{"line":112,"column":8},"end":{"line":112,"column":45}},"32":{"start":{"line":116,"column":14},"end":{"line":116,"column":74}},"33":{"start":{"line":116,"column":44},"end":{"line":116,"column":53}},"34":{"start":{"line":116,"column":63},"end":{"line":116,"column":73}},"35":{"start":{"line":117,"column":2},"end":{"line":122,"column":3}},"36":{"start":{"line":118,"column":4},"end":{"line":121,"column":5}},"37":{"start":{"line":124,"column":15},"end":{"line":128,"column":5}},"38":{"start":{"line":129,"column":2},"end":{"line":129,"column":23}}},"fnMap":{"0":{"name":"(anonymous_0)","decl":{"start":{"line":16,"column":2},"end":{"line":16,"column":3}},"loc":{"start":{"line":16,"column":43},"end":{"line":33,"column":3}},"line":16},"1":{"name":"dateParse","decl":{"start":{"line":55,"column":16},"end":{"line":55,"column":25}},"loc":{"start":{"line":55,"column":41},"end":{"line":130,"column":1}},"line":55},"2":{"name":"(anonymous_2)","decl":{"start":{"line":93,"column":12},"end":{"line":93,"column":13}},"loc":{"start":{"line":93,"column":28},"end":{"line":93,"column":34}},"line":93},"3":{"name":"(anonymous_3)","decl":{"start":{"line":95,"column":10},"end":{"line":95,"column":11}},"loc":{"start":{"line":95,"column":26},"end":{"line":97,"column":5}},"line":95},"4":{"name":"(anonymous_4)","decl":{"start":{"line":99,"column":9},"end":{"line":99,"column":10}},"loc":{"start":{"line":99,"column":19},"end":{"line":106,"column":5}},"line":99},"5":{"name":"(anonymous_5)","decl":{"start":{"line":108,"column":13},"end":{"line":108,"column":14}},"loc":{"start":{"line":108,"column":32},"end":{"line":114,"column":5}},"line":108},"6":{"name":"(anonymous_6)","decl":{"start":{"line":116,"column":36},"end":{"line":116,"column":37}},"loc":{"start":{"line":116,"column":44},"end":{"line":116,"column":53}},"line":116},"7":{"name":"(anonymous_7)","decl":{"start":{"line":116,"column":55},"end":{"line":116,"column":56}},"loc":{"start":{"line":116,"column":63},"end":{"line":116,"column":73}},"line":116}},"branchMap":{"0":{"loc":{"start":{"line":71,"column":4},"end":{"line":83,"column":5}},"type":"if","locations":[{"start":{"line":71,"column":4},"end":{"line":83,"column":5}},{"start":{"line":71,"column":4},"end":{"line":83,"column":5}}],"line":71},"1":{"loc":{"start":{"line":87,"column":2},"end":{"line":89,"column":3}},"type":"if","locations":[{"start":{"line":87,"column":2},"end":{"line":89,"column":3}},{"start":{"line":87,"column":2},"end":{"line":89,"column":3}}],"line":87},"2":{"loc":{"start":{"line":101,"column":6},"end":{"line":104,"column":7}},"type":"if","locations":[{"start":{"line":101,"column":6},"end":{"line":104,"column":7}},{"start":{"line":101,"column":6},"end":{"line":104,"column":7}}],"line":101},"3":{"loc":{"start":{"line":101,"column":10},"end":{"line":101,"column":60}},"type":"binary-expr","locations":[{"start":{"line":101,"column":10},"end":{"line":101,"column":32}},{"start":{"line":101,"column":36},"end":{"line":101,"column":60}}],"line":101},"4":{"loc":{"start":{"line":110,"column":6},"end":{"line":113,"column":7}},"type":"if","locations":[{"start":{"line":110,"column":6},"end":{"line":113,"column":7}},{"start":{"line":110,"column":6},"end":{"line":113,"column":7}}],"line":110},"5":{"loc":{"start":{"line":110,"column":10},"end":{"line":110,"column":60}},"type":"binary-expr","locations":[{"start":{"line":110,"column":10},"end":{"line":110,"column":32}},{"start":{"line":110,"column":36},"end":{"line":110,"column":60}}],"line":110},"6":{"loc":{"start":{"line":117,"column":2},"end":{"line":122,"column":3}},"type":"if","locations":[{"start":{"line":117,"column":2},"end":{"line":122,"column":3}},{"start":{"line":117,"column":2},"end":{"line":122,"column":3}}],"line":117}},"s":{"0":84,"1":84,"2":84,"3":84,"4":5,"5":12,"6":12,"7":12,"8":12,"9":84,"10":84,"11":44,"12":44,"13":44,"14":44,"15":44,"16":40,"17":12,"18":12,"19":2,"20":10,"21":70,"22":30,"23":40,"24":40,"25":40,"26":40,"27":40,"28":40,"29":40,"30":0,"31":0,"32":10,"33":70,"34":70,"35":10,"36":2,"37":10,"38":10},"f":{"0":84,"1":12,"2":70,"3":30,"4":40,"5":40,"6":70,"7":70},"b":{"0":[44,40],"1":[2,10],"2":[40,0],"3":[40,40],"4":[0,40],"5":[40,0],"6":[2,8]},"_coverageSchema":"43e27e138ebf9cfc5966b082cf9a028302ed4184","hash":"2e5bab3e3c436874d08bcb78ab6ae1121433a167"}
,"D:\\Text\\nodejs\\rx-util\\src\\module\\date\\getYearWeek.js": {"path":"D:\\Text\\nodejs\\rx-util\\src\\module\\date\\getYearWeek.js","statementMap":{"0":{"start":{"line":13,"column":18},"end":{"line":13,"column":32}},"1":{"start":{"line":14,"column":20},"end":{"line":14,"column":64}},"2":{"start":{"line":15,"column":18},"end":{"line":15,"column":37}},"3":{"start":{"line":16,"column":2},"end":{"line":16,"column":53}}},"fnMap":{"0":{"name":"getYearWeek","decl":{"start":{"line":6,"column":16},"end":{"line":6,"column":27}},"loc":{"start":{"line":6,"column":35},"end":{"line":17,"column":1}},"line":6}},"branchMap":{},"s":{"0":1,"1":1,"2":1,"3":1},"f":{"0":1},"b":{},"_coverageSchema":"43e27e138ebf9cfc5966b082cf9a028302ed4184","hash":"0aea2bec4717c5f4af8db50413c3e871ad01f06a"}
,"D:\\Text\\nodejs\\rx-util\\src\\module\\date\\strToDate.js": {"path":"D:\\Text\\nodejs\\rx-util\\src\\module\\date\\strToDate.js","statementMap":{"0":{"start":{"line":12,"column":2},"end":{"line":12,"column":32}}},"fnMap":{"0":{"name":"strToDate","decl":{"start":{"line":11,"column":16},"end":{"line":11,"column":25}},"loc":{"start":{"line":11,"column":41},"end":{"line":13,"column":1}},"line":11}},"branchMap":{},"s":{"0":5},"f":{"0":5},"b":{},"_coverageSchema":"43e27e138ebf9cfc5966b082cf9a028302ed4184","hash":"6ef8ccf0da023260251d3fe2833d5add2ed1b015"}
,"D:\\Text\\nodejs\\rx-util\\src\\module\\dom\\copyText.js": {"path":"D:\\Text\\nodejs\\rx-util\\src\\module\\dom\\copyText.js","statementMap":{"0":{"start":{"line":7,"column":16},"end":{"line":7,"column":47}},"1":{"start":{"line":8,"column":2},"end":{"line":8,"column":34}},"2":{"start":{"line":9,"column":2},"end":{"line":9,"column":35}},"3":{"start":{"line":10,"column":2},"end":{"line":10,"column":16}},"4":{"start":{"line":11,"column":14},"end":{"line":11,"column":42}},"5":{"start":{"line":12,"column":2},"end":{"line":12,"column":34}},"6":{"start":{"line":13,"column":2},"end":{"line":13,"column":12}}},"fnMap":{"0":{"name":"copyText","decl":{"start":{"line":6,"column":16},"end":{"line":6,"column":24}},"loc":{"start":{"line":6,"column":32},"end":{"line":14,"column":1}},"line":6}},"branchMap":{},"s":{"0":0,"1":0,"2":0,"3":0,"4":0,"5":0,"6":0},"f":{"0":0},"b":{},"_coverageSchema":"43e27e138ebf9cfc5966b082cf9a028302ed4184","hash":"01fa36f940718939ca84a6908e4153128e819e62"}
,"D:\\Text\\nodejs\\rx-util\\src\\module\\dom\\createElByString.js": {"path":"D:\\Text\\nodejs\\rx-util\\src\\module\\dom\\createElByString.js","statementMap":{"0":{"start":{"line":7,"column":15},"end":{"line":7,"column":44}},"1":{"start":{"line":8,"column":2},"end":{"line":8,"column":22}},"2":{"start":{"line":9,"column":2},"end":{"line":9,"column":32}}},"fnMap":{"0":{"name":"createElByString","decl":{"start":{"line":6,"column":16},"end":{"line":6,"column":32}},"loc":{"start":{"line":6,"column":39},"end":{"line":10,"column":1}},"line":6}},"branchMap":{},"s":{"0":1,"1":1,"2":1},"f":{"0":1},"b":{},"_coverageSchema":"43e27e138ebf9cfc5966b082cf9a028302ed4184","hash":"921dd66dbc96786eddc4a1ac79819f85cff0b066"}
,"D:\\Text\\nodejs\\rx-util\\src\\module\\dom\\getCusorPostion.js": {"path":"D:\\Text\\nodejs\\rx-util\\src\\module\\dom\\getCusorPostion.js","statementMap":{"0":{"start":{"line":7,"column":2},"end":{"line":7,"column":26}}},"fnMap":{"0":{"name":"getCusorPostion","decl":{"start":{"line":6,"column":16},"end":{"line":6,"column":31}},"loc":{"start":{"line":6,"column":37},"end":{"line":8,"column":1}},"line":6}},"branchMap":{},"s":{"0":5},"f":{"0":5},"b":{},"_coverageSchema":"43e27e138ebf9cfc5966b082cf9a028302ed4184","hash":"c563b25df4111de190cae598f855db6d8a1bca57"}
,"D:\\Text\\nodejs\\rx-util\\src\\module\\dom\\getSelectText.js": {"path":"D:\\Text\\nodejs\\rx-util\\src\\module\\dom\\getSelectText.js","statementMap":{"0":{"start":{"line":6,"column":2},"end":{"line":6,"column":34}}},"fnMap":{"0":{"name":"getSelectText","decl":{"start":{"line":5,"column":16},"end":{"line":5,"column":29}},"loc":{"start":{"line":5,"column":33},"end":{"line":7,"column":1}},"line":5}},"branchMap":{},"s":{"0":0},"f":{"0":0},"b":{},"_coverageSchema":"43e27e138ebf9cfc5966b082cf9a028302ed4184","hash":"e5f01e13d4480fddf06b6b3127ed2fa25c91cfa4"}
,"D:\\Text\\nodejs\\rx-util\\src\\module\\dom\\insertText.js": {"path":"D:\\Text\\nodejs\\rx-util\\src\\module\\dom\\insertText.js","statementMap":{"0":{"start":{"line":11,"column":16},"end":{"line":11,"column":24}},"1":{"start":{"line":12,"column":2},"end":{"line":12,"column":64}},"2":{"start":{"line":13,"column":2},"end":{"line":13,"column":42}}},"fnMap":{"0":{"name":"insertText","decl":{"start":{"line":10,"column":16},"end":{"line":10,"column":26}},"loc":{"start":{"line":10,"column":67},"end":{"line":14,"column":1}},"line":10}},"branchMap":{"0":{"loc":{"start":{"line":10,"column":38},"end":{"line":10,"column":65}},"type":"default-arg","locations":[{"start":{"line":10,"column":46},"end":{"line":10,"column":65}}],"line":10}},"s":{"0":2,"1":2,"2":2},"f":{"0":2},"b":{"0":[1]},"_coverageSchema":"43e27e138ebf9cfc5966b082cf9a028302ed4184","hash":"f6cd452f5f319eeaa6038acbdf478b8e832d44c7"}
,"D:\\Text\\nodejs\\rx-util\\src\\module\\dom\\isEditable.js": {"path":"D:\\Text\\nodejs\\rx-util\\src\\module\\dom\\isEditable.js","statementMap":{"0":{"start":{"line":9,"column":19},"end":{"line":9,"column":70}},"1":{"start":{"line":10,"column":2},"end":{"line":14,"column":3}}},"fnMap":{"0":{"name":"isEditable","decl":{"start":{"line":8,"column":16},"end":{"line":8,"column":26}},"loc":{"start":{"line":8,"column":32},"end":{"line":15,"column":1}},"line":8}},"branchMap":{"0":{"loc":{"start":{"line":13,"column":4},"end":{"line":13,"column":78}},"type":"binary-expr","locations":[{"start":{"line":13,"column":4},"end":{"line":13,"column":6}},{"start":{"line":13,"column":11},"end":{"line":13,"column":31}},{"start":{"line":13,"column":35},"end":{"line":13,"column":77}}],"line":13}},"s":{"0":2,"1":2},"f":{"0":2},"b":{"0":[2,2,2]},"_coverageSchema":"43e27e138ebf9cfc5966b082cf9a028302ed4184","hash":"2c04a6f28a5886f8671a4c521d915086f6fd29b9"}
,"D:\\Text\\nodejs\\rx-util\\src\\module\\dom\\lastFocus.js": {"path":"D:\\Text\\nodejs\\rx-util\\src\\module\\dom\\lastFocus.js","statementMap":{"0":{"start":{"line":3,"column":0},"end":{"line":9,"column":1}},"1":{"start":{"line":6,"column":4},"end":{"line":6,"column":30}},"2":{"start":{"line":10,"column":0},"end":{"line":16,"column":1}},"3":{"start":{"line":13,"column":4},"end":{"line":13,"column":22}},"4":{"start":{"line":22,"column":2},"end":{"line":22,"column":20}}},"fnMap":{"0":{"name":"(anonymous_0)","decl":{"start":{"line":5,"column":2},"end":{"line":5,"column":3}},"loc":{"start":{"line":5,"column":11},"end":{"line":7,"column":3}},"line":5},"1":{"name":"(anonymous_1)","decl":{"start":{"line":12,"column":2},"end":{"line":12,"column":3}},"loc":{"start":{"line":12,"column":8},"end":{"line":14,"column":3}},"line":12},"2":{"name":"lastFocus","decl":{"start":{"line":21,"column":16},"end":{"line":21,"column":25}},"loc":{"start":{"line":21,"column":29},"end":{"line":23,"column":1}},"line":21}},"branchMap":{},"s":{"0":3,"1":3,"2":3,"3":3,"4":5},"f":{"0":3,"1":3,"2":5},"b":{},"_coverageSchema":"43e27e138ebf9cfc5966b082cf9a028302ed4184","hash":"2e88ce3f0b82fc0f22c18d7d68684fbd758e64f0"}
,"D:\\Text\\nodejs\\rx-util\\src\\module\\dom\\removeEl.js": {"path":"D:\\Text\\nodejs\\rx-util\\src\\module\\dom\\removeEl.js","statementMap":{"0":{"start":{"line":7,"column":17},"end":{"line":7,"column":33}},"1":{"start":{"line":8,"column":2},"end":{"line":8,"column":31}}},"fnMap":{"0":{"name":"removeEl","decl":{"start":{"line":6,"column":16},"end":{"line":6,"column":24}},"loc":{"start":{"line":6,"column":30},"end":{"line":9,"column":1}},"line":6}},"branchMap":{},"s":{"0":2,"1":1},"f":{"0":2},"b":{},"_coverageSchema":"43e27e138ebf9cfc5966b082cf9a028302ed4184","hash":"699e4bf12807b57d7a14dfcb2ddc8b0ff871beb3"}
,"D:\\Text\\nodejs\\rx-util\\src\\module\\dom\\removeText.js": {"path":"D:\\Text\\nodejs\\rx-util\\src\\module\\dom\\removeText.js","statementMap":{"0":{"start":{"line":16,"column":16},"end":{"line":16,"column":35}},"1":{"start":{"line":17,"column":16},"end":{"line":17,"column":24}},"2":{"start":{"line":18,"column":2},"end":{"line":18,"column":69}},"3":{"start":{"line":19,"column":2},"end":{"line":19,"column":28}}},"fnMap":{"0":{"name":"removeText","decl":{"start":{"line":10,"column":16},"end":{"line":10,"column":26}},"loc":{"start":{"line":14,"column":2},"end":{"line":20,"column":1}},"line":14}},"branchMap":{"0":{"loc":{"start":{"line":12,"column":2},"end":{"line":12,"column":27}},"type":"default-arg","locations":[{"start":{"line":12,"column":10},"end":{"line":12,"column":27}}],"line":12},"1":{"loc":{"start":{"line":13,"column":2},"end":{"line":13,"column":23}},"type":"default-arg","locations":[{"start":{"line":13,"column":8},"end":{"line":13,"column":23}}],"line":13}},"s":{"0":2,"1":2,"2":2,"3":2},"f":{"0":2},"b":{"0":[1],"1":[1]},"_coverageSchema":"43e27e138ebf9cfc5966b082cf9a028302ed4184","hash":"e17bf5a5d0cacd1c084c3f779afa62d4b4c8ee88"}
,"D:\\Text\\nodejs\\rx-util\\src\\module\\dom\\setCusorPostion.js": {"path":"D:\\Text\\nodejs\\rx-util\\src\\module\\dom\\setCusorPostion.js","statementMap":{"0":{"start":{"line":8,"column":2},"end":{"line":8,"column":12}},"1":{"start":{"line":9,"column":2},"end":{"line":9,"column":34}}},"fnMap":{"0":{"name":"setCusorPostion","decl":{"start":{"line":7,"column":16},"end":{"line":7,"column":31}},"loc":{"start":{"line":7,"column":57},"end":{"line":10,"column":1}},"line":7}},"branchMap":{"0":{"loc":{"start":{"line":7,"column":44},"end":{"line":7,"column":55}},"type":"default-arg","locations":[{"start":{"line":7,"column":50},"end":{"line":7,"column":55}}],"line":7}},"s":{"0":6,"1":6},"f":{"0":6},"b":{"0":[5]},"_coverageSchema":"43e27e138ebf9cfc5966b082cf9a028302ed4184","hash":"929052b09d571162f7dc5cf01b7433c15a9726bb"}
,"D:\\Text\\nodejs\\rx-util\\src\\module\\event\\watchEventListener.js": {"path":"D:\\Text\\nodejs\\rx-util\\src\\module\\event\\watchEventListener.js","statementMap":{"0":{"start":{"line":9,"column":35},"end":{"line":9,"column":60}},"1":{"start":{"line":10,"column":38},"end":{"line":10,"column":76}},"2":{"start":{"line":11,"column":38},"end":{"line":11,"column":66}},"3":{"start":{"line":13,"column":4},"end":{"line":13,"column":45}},"4":{"start":{"line":14,"column":17},"end":{"line":14,"column":19}},"5":{"start":{"line":21,"column":6},"end":{"line":21,"column":18}},"6":{"start":{"line":22,"column":6},"end":{"line":22,"column":22}},"7":{"start":{"line":23,"column":6},"end":{"line":23,"column":30}},"8":{"start":{"line":24,"column":6},"end":{"line":24,"column":34}},"9":{"start":{"line":35,"column":18},"end":{"line":35,"column":22}},"10":{"start":{"line":37,"column":6},"end":{"line":39,"column":37}},"11":{"start":{"line":40,"column":4},"end":{"line":40,"column":61}},"12":{"start":{"line":41,"column":4},"end":{"line":41,"column":44}},"13":{"start":{"line":51,"column":18},"end":{"line":51,"column":22}},"14":{"start":{"line":53,"column":6},"end":{"line":55,"column":40}},"15":{"start":{"line":56,"column":27},"end":{"line":58,"column":28}},"16":{"start":{"line":57,"column":22},"end":{"line":57,"column":72}},"17":{"start":{"line":58,"column":19},"end":{"line":58,"column":27}},"18":{"start":{"line":59,"column":4},"end":{"line":62,"column":6}},"19":{"start":{"line":60,"column":16},"end":{"line":60,"column":25}},"20":{"start":{"line":61,"column":6},"end":{"line":61,"column":74}},"21":{"start":{"line":63,"column":4},"end":{"line":63,"column":74}},"22":{"start":{"line":63,"column":34},"end":{"line":63,"column":39}},"23":{"start":{"line":63,"column":54},"end":{"line":63,"column":73}},"24":{"start":{"line":66,"column":2},"end":{"line":71,"column":6}},"25":{"start":{"line":67,"column":4},"end":{"line":67,"column":89}},"26":{"start":{"line":70,"column":4},"end":{"line":70,"column":116}}},"fnMap":{"0":{"name":"watchEventListener","decl":{"start":{"line":5,"column":16},"end":{"line":5,"column":34}},"loc":{"start":{"line":5,"column":38},"end":{"line":72,"column":1}},"line":5},"1":{"name":"(anonymous_1)","decl":{"start":{"line":20,"column":4},"end":{"line":20,"column":5}},"loc":{"start":{"line":20,"column":49},"end":{"line":25,"column":5}},"line":20},"2":{"name":"addEventListener","decl":{"start":{"line":34,"column":11},"end":{"line":34,"column":27}},"loc":{"start":{"line":34,"column":65},"end":{"line":42,"column":3}},"line":34},"3":{"name":"removeEventListenerByType","decl":{"start":{"line":50,"column":11},"end":{"line":50,"column":36}},"loc":{"start":{"line":50,"column":44},"end":{"line":64,"column":3}},"line":50},"4":{"name":"(anonymous_4)","decl":{"start":{"line":57,"column":11},"end":{"line":57,"column":12}},"loc":{"start":{"line":57,"column":22},"end":{"line":57,"column":72}},"line":57},"5":{"name":"(anonymous_5)","decl":{"start":{"line":58,"column":14},"end":{"line":58,"column":15}},"loc":{"start":{"line":58,"column":19},"end":{"line":58,"column":27}},"line":58},"6":{"name":"(anonymous_6)","decl":{"start":{"line":59,"column":27},"end":{"line":59,"column":28}},"loc":{"start":{"line":59,"column":32},"end":{"line":62,"column":5}},"line":59},"7":{"name":"(anonymous_7)","decl":{"start":{"line":63,"column":24},"end":{"line":63,"column":25}},"loc":{"start":{"line":63,"column":34},"end":{"line":63,"column":39}},"line":63},"8":{"name":"(anonymous_8)","decl":{"start":{"line":63,"column":49},"end":{"line":63,"column":50}},"loc":{"start":{"line":63,"column":54},"end":{"line":63,"column":73}},"line":63},"9":{"name":"initWatchDOM","decl":{"start":{"line":66,"column":12},"end":{"line":66,"column":24}},"loc":{"start":{"line":66,"column":28},"end":{"line":71,"column":3}},"line":66}},"branchMap":{"0":{"loc":{"start":{"line":34,"column":45},"end":{"line":34,"column":63}},"type":"default-arg","locations":[{"start":{"line":34,"column":58},"end":{"line":34,"column":63}}],"line":34},"1":{"loc":{"start":{"line":37,"column":6},"end":{"line":39,"column":37}},"type":"cond-expr","locations":[{"start":{"line":38,"column":10},"end":{"line":38,"column":34}},{"start":{"line":39,"column":10},"end":{"line":39,"column":37}}],"line":37},"2":{"loc":{"start":{"line":53,"column":6},"end":{"line":55,"column":40}},"type":"cond-expr","locations":[{"start":{"line":54,"column":10},"end":{"line":54,"column":37}},{"start":{"line":55,"column":10},"end":{"line":55,"column":40}}],"line":53},"3":{"loc":{"start":{"line":57,"column":22},"end":{"line":57,"column":72}},"type":"cond-expr","locations":[{"start":{"line":57,"column":66},"end":{"line":57,"column":67}},{"start":{"line":57,"column":70},"end":{"line":57,"column":72}}],"line":57},"4":{"loc":{"start":{"line":57,"column":22},"end":{"line":57,"column":63}},"type":"binary-expr","locations":[{"start":{"line":57,"column":22},"end":{"line":57,"column":36}},{"start":{"line":57,"column":40},"end":{"line":57,"column":63}}],"line":57}},"s":{"0":0,"1":0,"2":0,"3":0,"4":0,"5":0,"6":0,"7":0,"8":0,"9":0,"10":0,"11":0,"12":0,"13":0,"14":0,"15":0,"16":0,"17":0,"18":0,"19":0,"20":0,"21":0,"22":0,"23":0,"24":0,"25":0,"26":0},"f":{"0":0,"1":0,"2":0,"3":0,"4":0,"5":0,"6":0,"7":0,"8":0,"9":0},"b":{"0":[0],"1":[0,0],"2":[0,0],"3":[0,0],"4":[0,0]},"_coverageSchema":"43e27e138ebf9cfc5966b082cf9a028302ed4184","hash":"98d168f8e50caf0a251e2ca6c91ebff7e29714d3"}
,"D:\\Text\\nodejs\\rx-util\\src\\module\\formdata\\appends.js": {"path":"D:\\Text\\nodejs\\rx-util\\src\\module\\formdata\\appends.js","statementMap":{"0":{"start":{"line":9,"column":2},"end":{"line":11,"column":3}},"1":{"start":{"line":10,"column":4},"end":{"line":10,"column":28}},"2":{"start":{"line":12,"column":2},"end":{"line":12,"column":11}}},"fnMap":{"0":{"name":"appends","decl":{"start":{"line":8,"column":16},"end":{"line":8,"column":23}},"loc":{"start":{"line":8,"column":34},"end":{"line":13,"column":1}},"line":8}},"branchMap":{},"s":{"0":1,"1":2,"2":1},"f":{"0":1},"b":{},"_coverageSchema":"43e27e138ebf9cfc5966b082cf9a028302ed4184","hash":"b318c605ba5054dc0d129094a4ced56c8f968ff7"}
,"D:\\Text\\nodejs\\rx-util\\src\\module\\formdata\\deletes.js": {"path":"D:\\Text\\nodejs\\rx-util\\src\\module\\formdata\\deletes.js","statementMap":{"0":{"start":{"line":8,"column":2},"end":{"line":8,"column":37}},"1":{"start":{"line":8,"column":22},"end":{"line":8,"column":36}},"2":{"start":{"line":9,"column":2},"end":{"line":9,"column":11}}},"fnMap":{"0":{"name":"deletes","decl":{"start":{"line":7,"column":16},"end":{"line":7,"column":23}},"loc":{"start":{"line":7,"column":35},"end":{"line":10,"column":1}},"line":7},"1":{"name":"(anonymous_1)","decl":{"start":{"line":8,"column":15},"end":{"line":8,"column":16}},"loc":{"start":{"line":8,"column":22},"end":{"line":8,"column":36}},"line":8}},"branchMap":{},"s":{"0":1,"1":1,"2":1},"f":{"0":1,"1":1},"b":{},"_coverageSchema":"43e27e138ebf9cfc5966b082cf9a028302ed4184","hash":"068bff3c41bf352722656583bc1ca91baeab13be"}
,"D:\\Text\\nodejs\\rx-util\\src\\module\\formdata\\formDataToArray.js": {"path":"D:\\Text\\nodejs\\rx-util\\src\\module\\formdata\\formDataToArray.js","statementMap":{"0":{"start":{"line":12,"column":2},"end":{"line":12,"column":33}}},"fnMap":{"0":{"name":"formDataToArray","decl":{"start":{"line":10,"column":16},"end":{"line":10,"column":31}},"loc":{"start":{"line":10,"column":37},"end":{"line":13,"column":1}},"line":10}},"branchMap":{},"s":{"0":1},"f":{"0":1},"b":{},"_coverageSchema":"43e27e138ebf9cfc5966b082cf9a028302ed4184","hash":"c454312c20864d011f2daf8985e3f781b6a3faa7"}
[...]
,"D:\\Text\\nodejs\\rx-util\\src\\module\\obj\\excludeFields.js": {"path":"D:\\Text\\nodejs\\rx-util\\src\\module\\obj\\excludeFields.js","statementMap":{"0":{"start":{"line":9,"column":14},"end":{"line":9,"column":29}},"1":{"start":{"line":10,"column":2},"end":{"line":15,"column":8}},"2":{"start":{"line":11,"column":4},"end":{"line":13,"column":5}},"3":{"start":{"line":12,"column":6},"end":{"line":12,"column":16}},"4":{"start":{"line":14,"column":4},"end":{"line":14,"column":14}}},"fnMap":{"0":{"name":"excludeFields","decl":{"start":{"line":8,"column":16},"end":{"line":8,"column":29}},"loc":{"start":{"line":8,"column":50},"end":{"line":16,"column":1}},"line":8},"1":{"name":"(anonymous_1)","decl":{"start":{"line":10,"column":39},"end":{"line":10,"column":40}},"loc":{"start":{"line":10,"column":56},"end":{"line":15,"column":3}},"line":10}},"branchMap":{"0":{"loc":{"start":{"line":11,"column":4},"end":{"line":13,"column":5}},"type":"if","locations":[{"start":{"line":11,"column":4},"end":{"line":13,"column":5}},{"start":{"line":11,"column":4},"end":{"line":13,"column":5}}],"line":11}},"s":{"0":13,"1":13,"2":30,"3":16,"4":30},"f":{"0":13,"1":30},"b":{"0":[16,14]},"_coverageSchema":"43e27e138ebf9cfc5966b082cf9a028302ed4184","hash":"2e34d731e404b69cee91357ae10fc91855f1cb70"}
,"D:\\Text\\nodejs\\rx-util\\src\\module\\obj\\excludeFieldsDeep.js": {"path":"D:\\Text\\nodejs\\rx-util\\src\\module\\obj\\excludeFieldsDeep.js","statementMap":{"0":{"start":{"line":10,"column":4},"end":{"line":10,"column":71}},"1":{"start":{"line":11,"column":2},"end":{"line":18,"column":3}},"2":{"start":{"line":12,"column":4},"end":{"line":17,"column":5}},"3":{"start":{"line":13,"column":16},"end":{"line":13,"column":22}},"4":{"start":{"line":14,"column":6},"end":{"line":16,"column":7}},"5":{"start":{"line":15,"column":8},"end":{"line":15,"column":51}},"6":{"start":{"line":19,"column":2},"end":{"line":19,"column":12}}},"fnMap":{"0":{"name":"excludeFieldsDeep","decl":{"start":{"line":8,"column":16},"end":{"line":8,"column":33}},"loc":{"start":{"line":8,"column":54},"end":{"line":20,"column":1}},"line":8}},"branchMap":{"0":{"loc":{"start":{"line":10,"column":4},"end":{"line":10,"column":71}},"type":"cond-expr","locations":[{"start":{"line":10,"column":30},"end":{"line":10,"column":36}},{"start":{"line":10,"column":39},"end":{"line":10,"column":71}}],"line":10},"1":{"loc":{"start":{"line":12,"column":4},"end":{"line":17,"column":5}},"type":"if","locations":[{"start":{"line":12,"column":4},"end":{"line":17,"column":5}},{"start":{"line":12,"column":4},"end":{"line":17,"column":5}}],"line":12},"2":{"loc":{"start":{"line":14,"column":6},"end":{"line":16,"column":7}},"type":"if","locations":[{"start":{"line":14,"column":6},"end":{"line":16,"column":7}},{"start":{"line":14,"column":6},"end":{"line":16,"column":7}}],"line":14}},"s":{"0":11,"1":11,"2":15,"3":15,"4":15,"5":5,"6":11},"f":{"0":11},"b":{"0":[2,9],"1":[15,0],"2":[5,10]},"_coverageSchema":"43e27e138ebf9cfc5966b082cf9a028302ed4184","hash":"b6fc708a4d68dd7e95fb3b49a3a0b906f1b948c0"}
,"D:\\Text\\nodejs\\rx-util\\src\\module\\obj\\mapToObject.js": {"path":"D:\\Text\\nodejs\\rx-util\\src\\module\\obj\\mapToObject.js","statementMap":{"0":{"start":{"line":7,"column":14},"end":{"line":7,"column":16}},"1":{"start":{"line":9,"column":2},"end":{"line":11,"column":3}},"2":{"start":{"line":10,"column":4},"end":{"line":10,"column":14}},"3":{"start":{"line":12,"column":2},"end":{"line":12,"column":12}}},"fnMap":{"0":{"name":"mapToObject","decl":{"start":{"line":6,"column":16},"end":{"line":6,"column":27}},"loc":{"start":{"line":6,"column":34},"end":{"line":13,"column":1}},"line":6}},"branchMap":{},"s":{"0":1,"1":1,"2":3,"3":1},"f":{"0":1},"b":{},"_coverageSchema":"43e27e138ebf9cfc5966b082cf9a028302ed4184","hash":"a37ed8306a00ff671a727cc13fe1b865f3fea11b"}
,"D:\\Text\\nodejs\\rx-util\\src\\module\\string\\StringConverter.js": {"path":"D:\\Text\\nodejs\\rx-util\\src\\module\\string\\StringConverter.js","statementMap":{"0":{"start":{"line":15,"column":4},"end":{"line":15,"column":37}},"1":{"start":{"line":26,"column":4},"end":{"line":26,"column":35}},"2":{"start":{"line":42,"column":19},"end":{"line":42,"column":21}},"3":{"start":{"line":43,"column":14},"end":{"line":43,"column":24}},"4":{"start":{"line":44,"column":14},"end":{"line":44,"column":15}},"5":{"start":{"line":45,"column":4},"end":{"line":53,"column":5}},"6":{"start":{"line":45,"column":17},"end":{"line":45,"column":18}},"7":{"start":{"line":46,"column":16},"end":{"line":46,"column":29}},"8":{"start":{"line":47,"column":6},"end":{"line":52,"column":7}},"9":{"start":{"line":48,"column":8},"end":{"line":50,"column":9}},"10":{"start":{"line":49,"column":10},"end":{"line":49,"column":44}},"11":{"start":{"line":51,"column":8},"end":{"line":51,"column":15}},"12":{"start":{"line":54,"column":4},"end":{"line":56,"column":5}},"13":{"start":{"line":55,"column":6},"end":{"line":55,"column":49}},"14":{"start":{"line":57,"column":4},"end":{"line":57,"column":17}},"15":{"start":{"line":74,"column":16},"end":{"line":76,"column":13}},"16":{"start":{"line":75,"column":16},"end":{"line":75,"column":64}},"17":{"start":{"line":77,"column":4},"end":{"line":77,"column":63}},"18":{"start":{"line":93,"column":4},"end":{"line":95,"column":13}},"19":{"start":{"line":94,"column":16},"end":{"line":94,"column":64}},"20":{"start":{"line":110,"column":4},"end":{"line":110,"column":25}},"21":{"start":{"line":125,"column":4},"end":{"line":125,"column":51}},"22":{"start":{"line":125,"column":25},"end":{"line":125,"column":40}},"23":{"start":{"line":140,"column":4},"end":{"line":140,"column":51}},"24":{"start":{"line":140,"column":25},"end":{"line":140,"column":40}},"25":{"start":{"line":146,"column":31},"end":{"line":163,"column":1}},"26":{"start":{"line":177,"column":4},"end":{"line":188,"column":5}},"27":{"start":{"line":179,"column":8},"end":{"line":179,"column":35}},"28":{"start":{"line":181,"column":8},"end":{"line":181,"column":36}},"29":{"start":{"line":183,"column":8},"end":{"line":183,"column":35}},"30":{"start":{"line":185,"column":8},"end":{"line":185,"column":44}},"31":{"start":{"line":187,"column":8},"end":{"line":187,"column":59}},"32":{"start":{"line":210,"column":4},"end":{"line":210,"column":59}},"33":{"start":{"line":216,"column":4},"end":{"line":216,"column":55}},"34":{"start":{"line":226,"column":4},"end":{"line":228,"column":5}},"35":{"start":{"line":227,"column":6},"end":{"line":227,"column":16}},"36":{"start":{"line":229,"column":4},"end":{"line":229,"column":60}},"37":{"start":{"line":241,"column":22},"end":{"line":255,"column":1}},"38":{"start":{"line":247,"column":16},"end":{"line":247,"column":50}},"39":{"start":{"line":254,"column":16},"end":{"line":254,"column":47}},"40":{"start":{"line":269,"column":4},"end":{"line":269,"column":34}},"41":{"start":{"line":280,"column":4},"end":{"line":280,"column":62}}},"fnMap":{"0":{"name":"(anonymous_0)","decl":{"start":{"line":14,"column":2},"end":{"line":14,"column":3}},"loc":{"start":{"line":14,"column":13},"end":{"line":16,"column":3}},"line":14},"1":{"name":"(anonymous_1)","decl":{"start":{"line":25,"column":2},"end":{"line":25,"column":3}},"loc":{"start":{"line":25,"column":12},"end":{"line":27,"column":3}},"line":25},"2":{"name":"(anonymous_2)","decl":{"start":{"line":41,"column":2},"end":{"line":41,"column":3}},"loc":{"start":{"line":41,"column":13},"end":{"line":58,"column":3}},"line":41},"3":{"name":"(anonymous_3)","decl":{"start":{"line":73,"column":2},"end":{"line":73,"column":3}},"loc":{"start":{"line":73,"column":12},"end":{"line":78,"column":3}},"line":73},"4":{"name":"(anonymous_4)","decl":{"start":{"line":75,"column":11},"end":{"line":75,"column":12}},"loc":{"start":{"line":75,"column":16},"end":{"line":75,"column":64}},"line":75},"5":{"name":"(anonymous_5)","decl":{"start":{"line":92,"column":2},"end":{"line":92,"column":3}},"loc":{"start":{"line":92,"column":12},"end":{"line":96,"column":3}},"line":92},"6":{"name":"(anonymous_6)","decl":{"start":{"line":94,"column":11},"end":{"line":94,"column":12}},"loc":{"start":{"line":94,"column":16},"end":{"line":94,"column":64}},"line":94},"7":{"name":"(anonymous_7)","decl":{"start":{"line":109,"column":2},"end":{"line":109,"column":3}},"loc":{"start":{"line":109,"column":13},"end":{"line":111,"column":3}},"line":109},"8":{"name":"(anonymous_8)","decl":{"start":{"line":124,"column":2},"end":{"line":124,"column":3}},"loc":{"start":{"line":124,"column":12},"end":{"line":126,"column":3}},"line":124},"9":{"name":"(anonymous_9)","decl":{"start":{"line":125,"column":20},"end":{"line":125,"column":21}},"loc":{"start":{"line":125,"column":25},"end":{"line":125,"column":40}},"line":125},"10":{"name":"(anonymous_10)","decl":{"start":{"line":139,"column":2},"end":{"line":139,"column":3}},"loc":{"start":{"line":139,"column":12},"end":{"line":141,"column":3}},"line":139},"11":{"name":"(anonymous_11)","decl":{"start":{"line":140,"column":20},"end":{"line":140,"column":21}},"loc":{"start":{"line":140,"column":25},"end":{"line":140,"column":40}},"line":140},"12":{"name":"(anonymous_12)","decl":{"start":{"line":176,"column":2},"end":{"line":176,"column":3}},"loc":{"start":{"line":176,"column":33},"end":{"line":189,"column":3}},"line":176},"13":{"name":"(anonymous_13)","decl":{"start":{"line":204,"column":2},"end":{"line":204,"column":3}},"loc":{"start":{"line":204,"column":25},"end":{"line":217,"column":3}},"line":204},"14":{"name":"(anonymous_14)","decl":{"start":{"line":225,"column":2},"end":{"line":225,"column":3}},"loc":{"start":{"line":225,"column":16},"end":{"line":230,"column":3}},"line":225},"15":{"name":"(anonymous_15)","decl":{"start":{"line":247,"column":2},"end":{"line":247,"column":3}},"loc":{"start":{"line":247,"column":16},"end":{"line":247,"column":50}},"line":247},"16":{"name":"(anonymous_16)","decl":{"start":{"line":254,"column":2},"end":{"line":254,"column":3}},"loc":{"start":{"line":254,"column":16},"end":{"line":254,"column":47}},"line":254},"17":{"name":"(anonymous_17)","decl":{"start":{"line":268,"column":2},"end":{"line":268,"column":3}},"loc":{"start":{"line":268,"column":33},"end":{"line":270,"column":3}},"line":268},"18":{"name":"(anonymous_18)","decl":{"start":{"line":279,"column":2},"end":{"line":279,"column":3}},"loc":{"start":{"line":279,"column":33},"end":{"line":281,"column":3}},"line":279}},"branchMap":{"0":{"loc":{"start":{"line":47,"column":6},"end":{"line":52,"column":7}},"type":"if","locations":[{"start":{"line":47,"column":6},"end":{"line":52,"column":7}},{"start":{"line":47,"column":6},"end":{"line":52,"column":7}}],"line":47},"1":{"loc":{"start":{"line":47,"column":10},"end":{"line":47,"column":30}},"type":"binary-expr","locations":[{"start":{"line":47,"column":10},"end":{"line":47,"column":18}},{"start":{"line":47,"column":22},"end":{"line":47,"column":30}}],"line":47},"2":{"loc":{"start":{"line":48,"column":8},"end":{"line":50,"column":9}},"type":"if","locations":[{"start":{"line":48,"column":8},"end":{"line":50,"column":9}},{"start":{"line":48,"column":8},"end":{"line":50,"column":9}}],"line":48},"3":{"loc":{"start":{"line":54,"column":4},"end":{"line":56,"column":5}},"type":"if","locations":[{"start":{"line":54,"column":4},"end":{"line":56,"column":5}},{"start":{"line":54,"column":4},"end":{"line":56,"column":5}}],"line":54},"4":{"loc":{"start":{"line":177,"column":4},"end":{"line":188,"column":5}},"type":"switch","locations":[{"start":{"line":178,"column":6},"end":{"line":179,"column":35}},{"start":{"line":180,"column":6},"end":{"line":181,"column":36}},{"start":{"line":182,"column":6},"end":{"line":183,"column":35}},{"start":{"line":184,"column":6},"end":{"line":185,"column":44}},{"start":{"line":186,"column":6},"end":{"line":187,"column":59}}],"line":177},"5":{"loc":{"start":{"line":226,"column":4},"end":{"line":228,"column":5}},"type":"if","locations":[{"start":{"line":226,"column":4},"end":{"line":228,"column":5}},{"start":{"line":226,"column":4},"end":{"line":228,"column":5}}],"line":226},"6":{"loc":{"start":{"line":226,"column":8},"end":{"line":226,"column":61}},"type":"binary-expr","locations":[{"start":{"line":226,"column":8},"end":{"line":226,"column":25}},{"start":{"line":226,"column":29},"end":{"line":226,"column":41}},{"start":{"line":226,"column":45},"end":{"line":226,"column":61}}],"line":226}},"s":{"0":0,"1":0,"2":2,"3":2,"4":2,"5":2,"6":2,"7":22,"8":22,"9":3,"10":2,"11":3,"12":2,"13":2,"14":2,"15":0,"16":0,"17":0,"18":0,"19":0,"20":0,"21":1,"22":2,"23":1,"24":2,"25":3,"26":4,"27":1,"28":1,"29":1,"30":1,"31":0,"32":2,"33":2,"34":2,"35":0,"36":2,"37":3,"38":2,"39":2,"40":2,"41":1},"f":{"0":0,"1":0,"2":2,"3":0,"4":0,"5":0,"6":0,"7":0,"8":1,"9":2,"10":1,"11":2,"12":4,"13":2,"14":2,"15":2,"16":2,"17":2,"18":1},"b":{"0":[3,19],"1":[22,22],"2":[2,1],"3":[2,0],"4":[1,1,1,1,0],"5":[0,2],"6":[2,2,2]},"_coverageSchema":"43e27e138ebf9cfc5966b082cf9a028302ed4184","hash":"87fdd553dcfcfbf1e45709bab1a264116ff66313"}
,"D:\\Text\\nodejs\\rx-util\\src\\module\\string\\blankToNull.js": {"path":"D:\\Text\\nodejs\\rx-util\\src\\module\\string\\blankToNull.js","statementMap":{"0":{"start":{"line":8,"column":2},"end":{"line":8,"column":53}}},"fnMap":{"0":{"name":"blankToNull","decl":{"start":{"line":7,"column":16},"end":{"line":7,"column":27}},"loc":{"start":{"line":7,"column":34},"end":{"line":9,"column":1}},"line":7}},"branchMap":{"0":{"loc":{"start":{"line":8,"column":9},"end":{"line":8,"column":53}},"type":"cond-expr","locations":[{"start":{"line":8,"column":43},"end":{"line":8,"column":47}},{"start":{"line":8,"column":50},"end":{"line":8,"column":53}}],"line":8},"1":{"loc":{"start":{"line":8,"column":9},"end":{"line":8,"column":40}},"type":"binary-expr","locations":[{"start":{"line":8,"column":9},"end":{"line":8,"column":13}},{"start":{"line":8,"column":17},"end":{"line":8,"column":40}}],"line":8}},"s":{"0":4},"f":{"0":4},"b":{"0":[3,1],"1":[4,1]},"_coverageSchema":"43e27e138ebf9cfc5966b082cf9a028302ed4184","hash":"589c62197c2153e2bad41f74b2a417767ba10a60"}
,"D:\\Text\\nodejs\\rx-util\\src\\module\\string\\fill.js": {"path":"D:\\Text\\nodejs\\rx-util\\src\\module\\string\\fill.js","statementMap":{"0":{"start":{"line":8,"column":2},"end":{"line":10,"column":3}},"1":{"start":{"line":9,"column":4},"end":{"line":9,"column":13}},"2":{"start":{"line":11,"column":2},"end":{"line":11,"column":35}}},"fnMap":{"0":{"name":"fill","decl":{"start":{"line":7,"column":16},"end":{"line":7,"column":20}},"loc":{"start":{"line":7,"column":33},"end":{"line":12,"column":1}},"line":7}},"branchMap":{"0":{"loc":{"start":{"line":8,"column":2},"end":{"line":10,"column":3}},"type":"if","locations":[{"start":{"line":8,"column":2},"end":{"line":10,"column":3}},{"start":{"line":8,"column":2},"end":{"line":10,"column":3}}],"line":8}},"s":{"0":311,"1":90,"2":221},"f":{"0":311},"b":{"0":[90,221]},"_coverageSchema":"43e27e138ebf9cfc5966b082cf9a028302ed4184","hash":"02965175c43269d2743a37e2b1488973f9ce8ef1"}
,"D:\\Text\\nodejs\\rx-util\\src\\module\\string\\format.js": {"path":"D:\\Text\\nodejs\\rx-util\\src\\module\\string\\format.js","statementMap":{"0":{"start":{"line":10,"column":2},"end":{"line":12,"column":3}},"1":{"start":{"line":11,"column":4},"end":{"line":11,"column":14}},"2":{"start":{"line":13,"column":2},"end":{"line":16,"column":3}},"3":{"start":{"line":14,"column":16},"end":{"line":14,"column":63}}},"fnMap":{"0":{"name":"format","decl":{"start":{"line":9,"column":16},"end":{"line":9,"column":22}},"loc":{"start":{"line":9,"column":35},"end":{"line":17,"column":1}},"line":9},"1":{"name":"(anonymous_1)","decl":{"start":{"line":14,"column":4},"end":{"line":14,"column":5}},"loc":{"start":{"line":14,"column":16},"end":{"line":14,"column":63}},"line":14}},"branchMap":{"0":{"loc":{"start":{"line":10,"column":2},"end":{"line":12,"column":3}},"type":"if","locations":[{"start":{"line":10,"column":2},"end":{"line":12,"column":3}},{"start":{"line":10,"column":2},"end":{"line":12,"column":3}}],"line":10}},"s":{"0":2,"1":1,"2":1,"3":2},"f":{"0":2,"1":2},"b":{"0":[1,1]},"_coverageSchema":"43e27e138ebf9cfc5966b082cf9a028302ed4184","hash":"4cf5970e8144898a30084f9a8d9afa68aa02884f"}
,"D:\\Text\\nodejs\\rx-util\\src\\module\\string\\isFloat.js": {"path":"D:\\Text\\nodejs\\rx-util\\src\\module\\string\\isFloat.js","statementMap":{"0":{"start":{"line":4,"column":15},"end":{"line":4,"column":47}},"1":{"start":{"line":11,"column":2},"end":{"line":11,"column":25}}},"fnMap":{"0":{"name":"isFloat","decl":{"start":{"line":10,"column":16},"end":{"line":10,"column":23}},"loc":{"start":{"line":10,"column":30},"end":{"line":12,"column":1}},"line":10}},"branchMap":{},"s":{"0":3,"1":3},"f":{"0":3},"b":{},"_coverageSchema":"43e27e138ebf9cfc5966b082cf9a028302ed4184","hash":"b47c738c5bb1b5733446796ee67fd7be5f510ade"}
,"D:\\Text\\nodejs\\rx-util\\src\\module\\string\\isNumber.js": {"path":"D:\\Text\\nodejs\\rx-util\\src\\module\\string\\isNumber.js","statementMap":{"0":{"start":{"line":4,"column":15},"end":{"line":4,"column":37}},"1":{"start":{"line":11,"column":2},"end":{"line":11,"column":25}}},"fnMap":{"0":{"name":"isNumber","decl":{"start":{"line":10,"column":16},"end":{"line":10,"column":24}},"loc":{"start":{"line":10,"column":31},"end":{"line":12,"column":1}},"line":10}},"branchMap":{},"s":{"0":3,"1":3},"f":{"0":3},"b":{},"_coverageSchema":"43e27e138ebf9cfc5966b082cf9a028302ed4184","hash":"5f6878f2e65fa742d55718f27c9b7514d7145b87"}
,"D:\\Text\\nodejs\\rx-util\\src\\module\\string\\toLowerCase.js": {"path":"D:\\Text\\nodejs\\rx-util\\src\\module\\string\\toLowerCase.js","statementMap":{"0":{"start":{"line":7,"column":2},"end":{"line":9,"column":3}},"1":{"start":{"line":8,"column":4},"end":{"line":8,"column":14}},"2":{"start":{"line":10,"column":2},"end":{"line":10,"column":26}}},"fnMap":{"0":{"name":"toLowerCase","decl":{"start":{"line":6,"column":16},"end":{"line":6,"column":27}},"loc":{"start":{"line":6,"column":34},"end":{"line":11,"column":1}},"line":6}},"branchMap":{"0":{"loc":{"start":{"line":7,"column":2},"end":{"line":9,"column":3}},"type":"if","locations":[{"start":{"line":7,"column":2},"end":{"line":9,"column":3}},{"start":{"line":7,"column":2},"end":{"line":9,"column":3}}],"line":7},"1":{"loc":{"start":{"line":7,"column":6},"end":{"line":7,"column":37}},"type":"binary-expr","locations":[{"start":{"line":7,"column":6},"end":{"line":7,"column":10}},{"start":{"line":7,"column":14},"end":{"line":7,"column":37}}],"line":7}},"s":{"0":5,"1":1,"2":4},"f":{"0":5},"b":{"0":[1,4],"1":[5,4]},"_coverageSchema":"43e27e138ebf9cfc5966b082cf9a028302ed4184","hash":"5f93fcebd151434ed9e36de8058660454d19068c"}
,"D:\\Text\\nodejs\\rx-util\\src\\module\\string\\toUpperCase.js": {"path":"D:\\Text\\nodejs\\rx-util\\src\\module\\string\\toUpperCase.js","statementMap":{"0":{"start":{"line":7,"column":2},"end":{"line":9,"column":3}},"1":{"start":{"line":8,"column":4},"end":{"line":8,"column":14}},"2":{"start":{"line":10,"column":2},"end":{"line":10,"column":26}}},"fnMap":{"0":{"name":"toUpperCase","decl":{"start":{"line":6,"column":16},"end":{"line":6,"column":27}},"loc":{"start":{"line":6,"column":34},"end":{"line":11,"column":1}},"line":6}},"branchMap":{"0":{"loc":{"start":{"line":7,"column":2},"end":{"line":9,"column":3}},"type":"if","locations":[{"start":{"line":7,"column":2},"end":{"line":9,"column":3}},{"start":{"line":7,"column":2},"end":{"line":9,"column":3}}],"line":7},"1":{"loc":{"start":{"line":7,"column":6},"end":{"line":7,"column":37}},"type":"binary-expr","locations":[{"start":{"line":7,"column":6},"end":{"line":7,"column":10}},{"start":{"line":7,"column":14},"end":{"line":7,"column":37}}],"line":7}},"s":{"0":4,"1":2,"2":2},"f":{"0":4},"b":{"0":[2,2],"1":[4,3]},"_coverageSchema":"43e27e138ebf9cfc5966b082cf9a028302ed4184","hash":"4f9255f8526ef2d908493df5344850a77201233e"}
}
