TN:
SF:D:\Text\rx-util\src\index.js
FNF:0
FNH:0
LF:0
LH:0
BRF:0
BRH:0
end_of_record
TN:
SF:D:\Text\rx-util\src\module\ajax\FetchLimiting.js
FN:20,(anonymous_0)
FN:47,(anonymous_1)
FN:48,(anonymous_2)
FN:60,(anonymous_3)
FNF:4
FNH:0
FNDA:0,(anonymous_0)
FNDA:0,(anonymous_1)
FNDA:0,(anonymous_2)
FNDA:0,(anonymous_3)
DA:24,0
DA:28,0
DA:32,0
DA:37,0
DA:48,0
DA:49,0
DA:50,0
DA:51,0
DA:54,0
DA:56,0
DA:59,0
DA:60,0
DA:62,0
LF:13
LH:0
BRDA:20,0,0,0
BRDA:20,1,0,0
BRF:2
BRH:0
end_of_record
TN:
SF:D:\Text\rx-util\src\module\ajax\download.js
FN:6,download
FNF:1
FNH:0
FNDA:0,download
DA:8,0
DA:9,0
DA:10,0
DA:12,0
DA:14,0
DA:15,0
DA:17,0
LF:7
LH:0
BRDA:6,0,0,0
BRF:1
BRH:0
end_of_record
TN:
SF:D:\Text\rx-util\src\module\ajax\downloadString.js
FN:8,downloadString
FNF:1
FNH:0
FNDA:0,downloadString
DA:9,0
DA:12,0
LF:2
LH:0
BRDA:8,0,0,0
BRF:1
BRH:0
end_of_record
TN:
SF:D:\Text\rx-util\src\module\ajax\downloadUrl.js
FN:8,downloadUrl
FNF:1
FNH:0
FNDA:0,downloadUrl
DA:12,0
DA:13,0
DA:14,0
DA:15,0
DA:17,0
LF:5
LH:0
BRDA:10,0,0,0
BRF:1
BRH:0
end_of_record
TN:
SF:D:\Text\rx-util\src\module\ajax\fetchTimeout.js
FN:8,fetchTimeout
FN:11,(anonymous_1)
FN:12,(anonymous_2)
FN:18,(anonymous_3)
FNF:4
FNH:0
FNDA:0,fetchTimeout
FNDA:0,(anonymous_1)
FNDA:0,(anonymous_2)
FNDA:0,(anonymous_3)
DA:9,0
DA:11,0
DA:12,0
DA:13,0
DA:17,0
DA:18,0
DA:19,0
DA:21,0
LF:8
LH:0
BRF:0
BRH:0
end_of_record
TN:
SF:D:\Text\rx-util\src\module\ajax\getCookies.js
FN:5,getCookies
FN:8,(anonymous_1)
FN:9,(anonymous_2)
FN:10,(anonymous_3)
FNF:4
FNH:0
FNDA:0,getCookies
FNDA:0,(anonymous_1)
FNDA:0,(anonymous_2)
FNDA:0,(anonymous_3)
DA:6,0
DA:8,0
DA:9,0
DA:10,0
LF:4
LH:0
BRF:0
BRH:0
end_of_record
TN:
SF:D:\Text\rx-util\src\module\ajax\loadResource.js
FN:9,loadResource
FNF:1
FNH:0
FNDA:0,loadResource
DA:10,0
DA:11,0
DA:13,0
LF:3
LH:0
BRDA:9,0,0,0
BRF:1
BRH:0
end_of_record
TN:
SF:D:\Text\rx-util\src\module\ajax\parseUrl.js
FN:18,(anonymous_0)
FN:78,parseUrl
FN:109,(anonymous_2)
FN:110,(anonymous_3)
FN:111,(anonymous_4)
FNF:5
FNH:5
FNDA:1,(anonymous_0)
FNDA:1,parseUrl
FNDA:2,(anonymous_2)
FNDA:2,(anonymous_3)
FNDA:2,(anonymous_4)
DA:31,1
DA:35,1
DA:39,1
DA:43,1
DA:47,1
DA:51,1
DA:55,1
DA:59,1
DA:66,2
DA:79,1
DA:80,0
DA:83,1
DA:84,1
DA:85,1
DA:94,1
DA:95,1
DA:96,1
DA:97,0
DA:98,0
DA:100,1
DA:101,1
DA:102,1
DA:104,1
DA:106,1
DA:109,2
DA:110,2
DA:112,2
DA:113,2
DA:115,2
DA:116,2
DA:117,0
DA:118,0
DA:120,0
DA:122,2
DA:124,2
DA:126,1
LF:36
LH:30
BRDA:18,0,0,0
BRDA:19,1,0,0
BRDA:20,2,0,0
BRDA:21,3,0,0
BRDA:22,4,0,0
BRDA:23,5,0,1
BRDA:24,6,0,1
BRDA:25,7,0,0
BRDA:26,8,0,1
BRDA:79,9,0,0
BRDA:79,9,1,1
BRDA:96,10,0,0
BRDA:96,10,1,1
BRDA:101,11,0,1
BRDA:101,11,1,0
BRDA:104,12,0,1
BRDA:104,12,1,1
BRDA:104,12,2,0
BRDA:113,13,0,0
BRDA:113,13,1,2
BRDA:116,14,0,0
BRDA:116,14,1,2
BRDA:117,15,0,0
BRDA:117,15,1,0
BRF:24
BRH:10
end_of_record
TN:
SF:D:\Text\rx-util\src\module\ajax\readLocal.js
FN:9,readLocal
FN:13,(anonymous_1)
FN:18,(anonymous_2)
FN:22,(anonymous_3)
FNF:4
FNH:0
FNDA:0,readLocal
FNDA:0,(anonymous_1)
FNDA:0,(anonymous_2)
FNDA:0,(anonymous_3)
DA:13,0
DA:14,0
DA:15,0
DA:17,0
DA:18,0
DA:20,0
DA:22,0
DA:23,0
DA:25,0
DA:28,1
DA:29,1
DA:30,1
DA:31,1
LF:13
LH:4
BRDA:11,0,0,0
BRDA:11,1,0,0
BRDA:11,2,0,0
BRDA:14,3,0,0
BRDA:14,3,1,0
BRF:5
BRH:0
end_of_record
TN:
SF:D:\Text\rx-util\src\module\ajax\spliceParams.js
FN:13,(anonymous_0)
FN:20,spliceParams
FN:24,(anonymous_2)
FN:31,(anonymous_3)
FNF:4
FNH:4
FNDA:10,(anonymous_0)
FNDA:7,spliceParams
FNDA:7,(anonymous_2)
FNDA:5,(anonymous_3)
DA:7,2
DA:13,10
DA:21,7
DA:22,1
DA:24,6
DA:25,7
DA:26,0
DA:27,7
DA:28,1
DA:29,6
DA:30,2
DA:32,5
DA:39,4
DA:41,7
LF:14
LH:13
BRDA:20,0,0,1
BRDA:21,1,0,1
BRDA:21,1,1,6
BRDA:25,2,0,0
BRDA:25,2,1,7
BRDA:25,3,0,7
BRDA:25,3,1,7
BRDA:27,4,0,1
BRDA:27,4,1,6
BRDA:29,5,0,2
BRDA:29,5,1,4
BRDA:34,6,0,2
BRDA:34,6,1,3
BRF:13
BRH:12
end_of_record
TN:
SF:D:\Text\rx-util\src\module\ajax\strToArrayBuffer.js
FN:7,strToArrayBuffer
FNF:1
FNH:0
FNDA:0,strToArrayBuffer
DA:8,0
DA:9,0
DA:10,0
DA:11,0
DA:13,0
LF:5
LH:0
BRF:0
BRH:0
end_of_record
TN:
SF:D:\Text\rx-util\src\module\array\arrayDiffBy.js
FN:14,(anonymous_0)
FN:37,arrayDiffBy
FN:42,(anonymous_2)
FN:43,(anonymous_3)
FN:46,(anonymous_4)
FNF:5
FNH:5
FNDA:2,(anonymous_0)
FNDA:2,arrayDiffBy
FNDA:8,(anonymous_2)
FNDA:6,(anonymous_3)
FNDA:8,(anonymous_4)
DA:18,2
DA:22,2
DA:26,2
DA:39,2
DA:41,2
DA:42,8
DA:43,6
DA:45,2
DA:46,8
DA:47,2
LF:10
LH:10
BRDA:37,0,0,1
BRF:1
BRH:1
end_of_record
TN:
SF:D:\Text\rx-util\src\module\array\arrayToMap.js
FN:8,arrayToMap
FN:8,(anonymous_1)
FN:9,(anonymous_2)
FNF:3
FNH:3
FNDA:11,arrayToMap
FNDA:3,(anonymous_1)
FNDA:73,(anonymous_2)
DA:8,3
DA:9,11
DA:10,73
DA:11,73
LF:4
LH:4
BRDA:8,0,0,1
BRF:1
BRH:1
end_of_record
TN:
SF:D:\Text\rx-util\src\module\array\asIterator.js
FN:7,asIterator
FNF:1
FNH:1
FNDA:1,asIterator
DA:8,1
DA:9,1
DA:10,3
DA:11,3
DA:12,1
DA:14,2
DA:16,1
LF:7
LH:7
BRDA:11,0,0,1
BRDA:11,0,1,2
BRF:2
BRH:2
end_of_record
TN:
SF:D:\Text\rx-util\src\module\array\asyncFlatMap.js
FN:7,asyncFlatMap
FNF:1
FNH:1
FNDA:1,asyncFlatMap
DA:8,1
DA:9,1
DA:10,3
DA:12,1
LF:4
LH:4
BRF:0
BRH:0
end_of_record
TN:
SF:D:\Text\rx-util\src\module\array\filterItems.js
FN:10,filterItems
FN:13,(anonymous_1)
FNF:2
FNH:2
FNDA:3,filterItems
FNDA:12,(anonymous_1)
DA:12,3
DA:13,12
LF:2
LH:2
BRDA:10,0,0,2
BRF:1
BRH:1
end_of_record
TN:
SF:D:\Text\rx-util\src\module\array\flatMap.js
FN:8,flatMap
FN:10,(anonymous_1)
FNF:2
FNH:2
FNDA:1,flatMap
FNDA:3,(anonymous_1)
DA:10,3
LF:1
LH:1
BRF:0
BRH:0
end_of_record
TN:
SF:D:\Text\rx-util\src\module\array\groupBy.js
FN:8,groupBy
FN:10,(anonymous_1)
FNF:2
FNH:2
FNDA:9,groupBy
FNDA:21,(anonymous_1)
DA:10,9
DA:11,21
DA:13,21
DA:14,14
DA:16,21
DA:17,21
LF:6
LH:6
BRDA:13,0,0,14
BRDA:13,0,1,7
BRF:2
BRH:2
end_of_record
TN:
SF:D:\Text\rx-util\src\module\array\range.js
FN:8,range
FNF:1
FNH:1
FNDA:23,range
DA:9,23
DA:10,23
DA:11,79
DA:13,23
LF:4
LH:4
BRDA:8,0,0,23
BRF:1
BRH:1
end_of_record
TN:
SF:D:\Text\rx-util\src\module\array\sortBy.js
FN:11,sortBy
FN:21,(anonymous_1)
FNF:2
FNH:2
FNDA:20,sortBy
FNDA:18,(anonymous_1)
DA:13,20
DA:14,12
DA:17,8
DA:18,8
DA:19,8
DA:20,8
DA:21,18
DA:23,8
LF:8
LH:8
BRDA:11,0,0,1
BRDA:13,1,0,12
BRDA:13,1,1,8
BRDA:24,2,0,8
BRDA:24,2,1,2
BRDA:26,3,0,8
BRDA:26,3,1,2
BRF:7
BRH:7
end_of_record
TN:
SF:D:\Text\rx-util\src\module\array\toObject.js
FN:9,toObject
FN:9,(anonymous_1)
FN:10,(anonymous_2)
FNF:3
FNH:3
FNDA:1,toObject
FNDA:3,(anonymous_1)
FNDA:3,(anonymous_2)
DA:9,3
DA:10,1
DA:11,3
DA:12,3
DA:14,3
LF:5
LH:5
BRDA:9,0,0,1
BRDA:11,1,0,3
BRDA:11,1,1,0
BRF:3
BRH:2
end_of_record
TN:
SF:D:\Text\rx-util\src\module\array\uniqueBy.js
FN:7,uniqueBy
FN:7,(anonymous_1)
FN:9,(anonymous_2)
FNF:3
FNH:3
FNDA:1,uniqueBy
FNDA:11,(anonymous_1)
FNDA:7,(anonymous_2)
DA:7,11
DA:8,1
DA:9,1
DA:10,7
LF:4
LH:4
BRDA:7,0,0,1
BRDA:10,1,0,3
BRDA:10,1,1,4
BRF:3
BRH:3
end_of_record
TN:
SF:D:\Text\rx-util\src\module\date\DateFormatter.js
FN:13,(anonymous_0)
FN:24,(anonymous_1)
FN:32,(anonymous_2)
FN:42,(anonymous_3)
FNF:4
FNH:4
FNDA:8,(anonymous_0)
FNDA:1,(anonymous_1)
FNDA:1,(anonymous_2)
FNDA:4,(anonymous_3)
DA:17,8
DA:25,1
DA:33,1
DA:43,4
DA:44,4
DA:51,2
DA:55,2
DA:59,2
LF:8
LH:8
BRDA:43,0,0,1
BRDA:43,0,1,3
BRF:2
BRH:2
end_of_record
TN:
SF:D:\Text\rx-util\src\module\date\dateBetween.js
FN:11,(anonymous_0)
FN:25,(anonymous_1)
FN:32,(anonymous_2)
FN:39,(anonymous_3)
FN:46,(anonymous_4)
FN:53,(anonymous_5)
FN:61,(anonymous_6)
FN:71,(anonymous_7)
FN:82,dateBetween
FNF:9
FNH:9
FNDA:3,(anonymous_0)
FNDA:11,(anonymous_1)
FNDA:9,(anonymous_2)
FNDA:7,(anonymous_3)
FNDA:5,(anonymous_4)
FNDA:3,(anonymous_5)
FNDA:2,(anonymous_6)
FNDA:5,(anonymous_7)
FNDA:3,dateBetween
DA:15,3
DA:19,3
DA:26,11
DA:33,9
DA:40,7
DA:47,5
DA:54,3
DA:62,2
DA:63,2
DA:64,2
DA:72,5
DA:83,3
LF:12
LH:12
BRF:0
BRH:0
end_of_record
TN:
SF:D:\Text\rx-util\src\module\date\dateConstants.js
FN:13,(anonymous_0)
FN:21,(anonymous_1)
FN:29,(anonymous_2)
FN:37,(anonymous_3)
FNF:4
FNH:4
FNDA:1,(anonymous_0)
FNDA:1,(anonymous_1)
FNDA:4,(anonymous_2)
FNDA:1,(anonymous_3)
DA:14,1
DA:22,1
DA:30,4
DA:38,1
DA:46,4
LF:5
LH:5
BRDA:13,0,0,1
BRDA:21,1,0,1
BRDA:29,2,0,1
BRDA:37,3,0,1
BRF:4
BRH:4
end_of_record
TN:
SF:D:\Text\rx-util\src\module\date\dateEnhance.js
FN:17,(anonymous_0)
FN:27,(anonymous_1)
FN:34,(anonymous_2)
FN:42,(anonymous_3)
FN:53,(anonymous_4)
FN:60,(anonymous_5)
FN:68,(anonymous_6)
FN:75,(anonymous_7)
FN:82,(anonymous_8)
FN:98,(anonymous_9)
FN:105,(anonymous_10)
FN:112,(anonymous_11)
FN:119,(anonymous_12)
FN:129,dateEnhance
FNF:14
FNH:14
FNDA:6,(anonymous_0)
FNDA:1,(anonymous_1)
FNDA:6,(anonymous_2)
FNDA:3,(anonymous_3)
FNDA:2,(anonymous_4)
FNDA:1,(anonymous_5)
FNDA:2,(anonymous_6)
FNDA:1,(anonymous_7)
FNDA:5,(anonymous_8)
FNDA:1,(anonymous_9)
FNDA:1,(anonymous_10)
FNDA:1,(anonymous_11)
FNDA:1,(anonymous_12)
FNDA:6,dateEnhance
DA:7,2
DA:21,6
DA:28,1
DA:35,6
DA:43,3
DA:54,2
DA:61,1
DA:69,2
DA:76,1
DA:83,5
DA:84,5
DA:85,2
DA:86,3
DA:87,1
DA:88,2
DA:89,1
DA:91,1
DA:99,1
DA:106,1
DA:113,1
DA:120,1
DA:130,6
LF:22
LH:22
BRDA:84,0,0,2
BRDA:84,0,1,3
BRDA:86,1,0,1
BRDA:86,1,1,2
BRDA:88,2,0,1
BRDA:88,2,1,1
BRF:6
BRH:6
end_of_record
TN:
SF:D:\Text\rx-util\src\module\date\dateFormat.js
FN:7,dateFormat
FNF:1
FNH:1
FNDA:23,dateFormat
DA:8,23
DA:18,23
DA:19,184
DA:20,78
DA:22,106
DA:23,19
DA:24,87
DA:25,7
DA:26,7
DA:27,7
DA:32,80
DA:38,23
LF:12
LH:12
BRDA:19,0,0,78
BRDA:19,0,1,106
BRDA:22,1,0,19
BRDA:22,1,1,87
BRDA:24,2,0,7
BRDA:24,2,1,80
BRDA:26,3,0,0
BRDA:26,3,1,7
BRDA:34,4,0,0
BRDA:34,4,1,80
BRF:10
BRH:8
end_of_record
TN:
SF:D:\Text\rx-util\src\module\date\dateParse.js
FN:16,(anonymous_0)
FN:55,dateParse
FN:93,(anonymous_2)
FN:95,(anonymous_3)
FN:99,(anonymous_4)
FN:108,(anonymous_5)
FN:116,(anonymous_6)
FN:116,(anonymous_7)
FNF:8
FNH:8
FNDA:84,(anonymous_0)
FNDA:12,dateParse
FNDA:70,(anonymous_2)
FNDA:30,(anonymous_3)
FNDA:40,(anonymous_4)
FNDA:40,(anonymous_5)
FNDA:70,(anonymous_6)
FNDA:70,(anonymous_7)
DA:20,84
DA:24,84
DA:28,84
DA:32,84
DA:39,4
DA:56,12
DA:58,12
DA:68,12
DA:69,12
DA:70,84
DA:71,84
DA:72,44
DA:73,44
DA:74,44
DA:75,44
DA:76,44
DA:80,40
DA:86,12
DA:87,12
DA:88,2
DA:91,10
DA:93,70
DA:96,30
DA:100,40
DA:101,40
DA:102,40
DA:103,40
DA:105,40
DA:109,40
DA:110,40
DA:111,0
DA:112,0
DA:116,70
DA:117,10
DA:118,2
DA:124,10
DA:129,10
LF:37
LH:35
BRDA:71,0,0,44
BRDA:71,0,1,40
BRDA:87,1,0,2
BRDA:87,1,1,10
BRDA:101,2,0,40
BRDA:101,2,1,0
BRDA:101,3,0,40
BRDA:101,3,1,40
BRDA:110,4,0,0
BRDA:110,4,1,40
BRDA:110,5,0,40
BRDA:110,5,1,0
BRDA:117,6,0,2
BRDA:117,6,1,8
BRF:14
BRH:11
end_of_record
TN:
SF:D:\Text\rx-util\src\module\date\getYearWeek.js
FN:6,getYearWeek
FNF:1
FNH:1
FNDA:1,getYearWeek
DA:13,1
DA:14,1
DA:15,1
DA:16,1
LF:4
LH:4
BRF:0
BRH:0
end_of_record
TN:
SF:D:\Text\rx-util\src\module\date\strToDate.js
FN:11,strToDate
FNF:1
FNH:1
FNDA:5,strToDate
DA:12,5
LF:1
LH:1
BRF:0
BRH:0
end_of_record
TN:
SF:D:\Text\rx-util\src\module\dom\copyText.js
FN:6,copyText
FNF:1
FNH:0
FNDA:0,copyText
DA:7,0
DA:8,0
DA:9,0
DA:10,0
DA:11,0
DA:12,0
DA:13,0
LF:7
LH:0
BRF:0
BRH:0
end_of_record
TN:
SF:D:\Text\rx-util\src\module\dom\createElByString.js
FN:6,createElByString
FNF:1
FNH:1
FNDA:1,createElByString
DA:7,1
DA:8,1
DA:9,1
LF:3
LH:3
BRF:0
BRH:0
end_of_record
TN:
SF:D:\Text\rx-util\src\module\dom\getCusorPostion.js
FN:6,getCusorPostion
FNF:1
FNH:1
FNDA:5,getCusorPostion
DA:7,5
LF:1
LH:1
BRF:0
BRH:0
end_of_record
TN:
SF:D:\Text\rx-util\src\module\dom\getSelectText.js
FN:5,getSelectText
FNF:1
FNH:0
FNDA:0,getSelectText
DA:6,0
LF:1
LH:0
BRF:0
BRH:0
end_of_record
TN:
SF:D:\Text\rx-util\src\module\dom\insertText.js
FN:10,insertText
FNF:1
FNH:1
FNDA:2,insertText
DA:11,2
DA:12,2
DA:13,2
LF:3
LH:3
BRDA:10,0,0,1
BRF:1
BRH:1
end_of_record
TN:
SF:D:\Text\rx-util\src\module\dom\isEditable.js
FN:8,isEditable
FNF:1
FNH:1
FNDA:2,isEditable
DA:9,2
DA:10,2
LF:2
LH:2
BRDA:13,0,0,2
BRDA:13,0,1,2
BRDA:13,0,2,2
BRF:3
BRH:3
end_of_record
TN:
SF:D:\Text\rx-util\src\module\dom\lastFocus.js
FN:5,(anonymous_0)
FN:12,(anonymous_1)
FN:21,lastFocus
FNF:3
FNH:3
FNDA:3,(anonymous_0)
FNDA:3,(anonymous_1)
FNDA:5,lastFocus
DA:3,2
DA:6,3
DA:10,2
DA:13,3
DA:22,5
LF:5
LH:5
BRF:0
BRH:0
end_of_record
TN:
SF:D:\Text\rx-util\src\module\dom\removeEl.js
FN:6,removeEl
FNF:1
FNH:1
FNDA:2,removeEl
DA:7,2
DA:8,1
LF:2
LH:2
BRF:0
BRH:0
end_of_record
TN:
SF:D:\Text\rx-util\src\module\dom\removeText.js
FN:10,removeText
FNF:1
FNH:1
FNDA:2,removeText
DA:16,2
DA:17,2
DA:18,2
DA:19,2
LF:4
LH:4
BRDA:12,0,0,1
BRDA:13,1,0,1
BRF:2
BRH:2
end_of_record
TN:
SF:D:\Text\rx-util\src\module\dom\setCusorPostion.js
FN:7,setCusorPostion
FNF:1
FNH:1
FNDA:6,setCusorPostion
DA:8,6
DA:9,6
LF:2
LH:2
BRDA:7,0,0,5
BRF:1
BRH:1
end_of_record
TN:
SF:D:\Text\rx-util\src\module\event\watchEventListener.js
FN:5,watchEventListener
FN:20,(anonymous_1)
FN:34,addEventListener
FN:50,removeEventListenerByType
FN:57,(anonymous_4)
FN:58,(anonymous_5)
FN:59,(anonymous_6)
FN:63,(anonymous_7)
FN:63,(anonymous_8)
FN:66,initWatchDOM
FNF:10
FNH:0
FNDA:0,watchEventListener
FNDA:0,(anonymous_1)
FNDA:0,addEventListener
FNDA:0,removeEventListenerByType
FNDA:0,(anonymous_4)
FNDA:0,(anonymous_5)
FNDA:0,(anonymous_6)
FNDA:0,(anonymous_7)
FNDA:0,(anonymous_8)
FNDA:0,initWatchDOM
DA:9,0
DA:10,0
DA:11,0
DA:13,0
DA:14,0
DA:21,0
DA:22,0
DA:23,0
DA:24,0
DA:35,0
DA:37,0
DA:40,0
DA:41,0
DA:51,0
DA:53,0
DA:56,0
DA:57,0
DA:58,0
DA:59,0
DA:60,0
DA:61,0
DA:63,0
DA:66,0
DA:67,0
DA:70,0
LF:25
LH:0
BRDA:34,0,0,0
BRDA:37,1,0,0
BRDA:37,1,1,0
BRDA:53,2,0,0
BRDA:53,2,1,0
BRDA:57,3,0,0
BRDA:57,3,1,0
BRDA:57,4,0,0
BRDA:57,4,1,0
BRF:9
BRH:0
end_of_record
TN:
SF:D:\Text\rx-util\src\module\formdata\appends.js
FN:8,appends
FNF:1
FNH:1
FNDA:1,appends
DA:9,1
DA:10,2
DA:12,1
LF:3
LH:3
BRF:0
BRH:0
end_of_record
TN:
SF:D:\Text\rx-util\src\module\formdata\deletes.js
FN:7,deletes
FN:8,(anonymous_1)
FNF:2
FNH:2
FNDA:1,deletes
FNDA:1,(anonymous_1)
DA:8,1
DA:9,1
LF:2
LH:2
BRF:0
BRH:0
end_of_record
TN:
SF:D:\Text\rx-util\src\module\formdata\formDataToArray.js
FN:10,formDataToArray
FNF:1
FNH:1
FNDA:1,formDataToArray
DA:12,1
LF:1
LH:1
BRF:0
BRH:0
end_of_record
TN:
SF:D:\Text\rx-util\src\module\formdata\objToFormData.js
FN:6,objToFormData
FNF:1
FNH:1
FNDA:4,objToFormData
DA:7,4
DA:8,4
DA:9,4
DA:10,8
DA:11,8
DA:12,8
DA:16,4
LF:7
LH:7
BRDA:8,0,0,4
BRDA:8,0,1,0
BRDA:10,1,0,8
BRDA:10,1,1,0
BRF:4
BRH:2
end_of_record
TN:
SF:D:\Text\rx-util\src\module\formdata\sets.js
FN:8,sets
FNF:1
FNH:1
FNDA:1,sets
DA:9,1
DA:10,2
DA:12,1
LF:3
LH:3
BRF:0
BRH:0
end_of_record
TN:
SF:D:\Text\rx-util\src\module\function\StateMachine.js
FN:11,(anonymous_0)
FN:24,(anonymous_1)
FN:35,(anonymous_2)
FNF:3
FNH:3
FNDA:1,(anonymous_0)
FNDA:2,(anonymous_1)
FNDA:3,(anonymous_2)
DA:12,1
DA:17,1
DA:25,2
DA:26,2
DA:36,3
DA:37,3
DA:38,1
DA:41,2
LF:8
LH:8
BRDA:37,0,0,1
BRDA:37,0,1,2
BRF:2
BRH:2
end_of_record
TN:
SF:D:\Text\rx-util\src\module\function\curry.js
FN:8,(anonymous_0)
FN:9,(anonymous_1)
FN:13,(anonymous_2)
FN:17,(anonymous_3)
FN:29,(anonymous_4)
FNF:5
FNH:5
FNDA:13,(anonymous_0)
FNDA:29,(anonymous_1)
FNDA:9,(anonymous_2)
FNDA:17,(anonymous_3)
FNDA:13,(anonymous_4)
DA:8,2
DA:9,29
DA:10,13
DA:11,6
DA:13,7
DA:15,9
DA:16,9
DA:17,9
DA:18,17
DA:23,12
DA:25,5
DA:27,5
DA:29,13
DA:30,9
DA:38,2
LF:15
LH:15
BRDA:10,0,0,6
BRDA:10,0,1,7
BRDA:18,1,0,12
BRDA:18,1,1,5
BRDA:19,2,0,17
BRDA:19,2,1,5
BRDA:19,2,2,5
BRF:7
BRH:7
end_of_record
TN:
SF:D:\Text\rx-util\src\module\function\debounce.js
FN:10,(anonymous_0)
FN:12,(anonymous_1)
FN:14,(anonymous_2)
FNF:3
FNH:3
FNDA:3,(anonymous_0)
FNDA:12,(anonymous_1)
FNDA:6,(anonymous_2)
DA:10,2
DA:12,3
DA:13,12
DA:14,12
DA:15,6
LF:5
LH:5
BRDA:13,0,0,9
BRDA:13,0,1,3
BRF:2
BRH:2
end_of_record
TN:
SF:D:\Text\rx-util\src\module\function\onec.js
FN:6,(anonymous_0)
FN:9,(anonymous_1)
FNF:2
FNH:2
FNDA:6,(anonymous_0)
FNDA:20,(anonymous_1)
DA:6,3
DA:7,6
DA:9,6
DA:10,20
DA:11,15
DA:13,5
DA:14,5
LF:7
LH:7
BRDA:10,0,0,15
BRDA:10,0,1,5
BRF:2
BRH:2
end_of_record
TN:
SF:D:\Text\rx-util\src\module\function\onecOfSameParam.js
FN:7,(anonymous_0)
FN:9,(anonymous_1)
FN:12,(anonymous_2)
FN:20,(anonymous_3)
FNF:4
FNH:4
FNDA:9,(anonymous_0)
FNDA:10,(anonymous_1)
FNDA:27,(anonymous_2)
FNDA:6,(anonymous_3)
DA:7,3
DA:9,10
DA:11,9
DA:12,9
DA:13,27
DA:14,27
DA:15,27
DA:16,16
DA:18,11
DA:19,11
DA:20,6
DA:21,6
DA:22,6
DA:25,5
DA:26,5
LF:15
LH:15
BRDA:9,0,0,2
BRDA:15,1,0,16
BRDA:15,1,1,11
BRDA:19,2,0,6
BRDA:19,2,1,5
BRF:5
BRH:5
end_of_record
TN:
SF:D:\Text\rx-util\src\module\function\promiseLimit.js
FN:10,(anonymous_0)
FN:15,(anonymous_1)
FN:16,(anonymous_2)
FN:26,(anonymous_3)
FNF:4
FNH:4
FNDA:3,(anonymous_0)
FNDA:15,(anonymous_1)
FNDA:15,(anonymous_2)
FNDA:15,(anonymous_3)
DA:10,1
DA:12,3
DA:14,3
DA:15,3
DA:16,15
DA:17,15
DA:18,15
DA:19,15
DA:20,15
DA:22,15
DA:25,15
DA:26,15
DA:28,15
LF:13
LH:13
BRDA:10,0,0,3
BRF:1
BRH:1
end_of_record
TN:
SF:D:\Text\rx-util\src\module\function\repeatedCall.js
FN:9,(anonymous_0)
FN:10,(anonymous_1)
FNF:2
FNH:2
FNDA:14,(anonymous_0)
FNDA:58,(anonymous_1)
DA:9,4
DA:10,58
LF:2
LH:2
BRF:0
BRH:0
end_of_record
TN:
SF:D:\Text\rx-util\src\module\function\returnItself.js
FN:6,returnItself
FNF:1
FNH:1
FNDA:41,returnItself
DA:7,41
LF:1
LH:1
BRF:0
BRH:0
end_of_record
TN:
SF:D:\Text\rx-util\src\module\function\returnReasonableItself.js
FN:9,returnReasonableItself
FNF:1
FNH:1
FNDA:4,returnReasonableItself
DA:10,4
DA:11,4
DA:12,1
DA:14,3
DA:15,2
DA:17,1
LF:6
LH:6
BRDA:11,0,0,1
BRDA:11,0,1,3
BRDA:14,1,0,2
BRDA:14,1,1,1
BRF:4
BRH:4
end_of_record
TN:
SF:D:\Text\rx-util\src\module\function\safeExec.js
FN:8,(anonymous_0)
FNF:1
FNH:1
FNDA:9,(anonymous_0)
DA:8,3
DA:9,9
DA:10,9
DA:12,2
LF:4
LH:4
BRDA:8,0,0,8
BRF:1
BRH:1
end_of_record
TN:
SF:D:\Text\rx-util\src\module\function\singleModel.js
FN:6,singleModel
FN:12,(anonymous_1)
FNF:2
FNH:2
FNDA:4,singleModel
FNDA:6,(anonymous_1)
DA:8,4
DA:13,6
DA:14,2
DA:16,4
DA:17,4
LF:5
LH:5
BRDA:13,0,0,2
BRDA:13,0,1,4
BRF:2
BRH:2
end_of_record
TN:
SF:D:\Text\rx-util\src\module\function\throttle.js
FN:12,throttle
FN:14,(anonymous_1)
FNF:2
FNH:2
FNDA:3,throttle
FNDA:30,(anonymous_1)
DA:13,3
DA:14,3
DA:15,30
DA:16,30
DA:17,23
DA:18,23
LF:6
LH:6
BRDA:16,0,0,23
BRDA:16,0,1,7
BRF:2
BRH:2
end_of_record
TN:
SF:D:\Text\rx-util\src\module\function\timing.js
FN:7,(anonymous_0)
FN:10,(anonymous_1)
FN:16,(anonymous_2)
FNF:3
FNH:3
FNDA:3,(anonymous_0)
FNDA:3,(anonymous_1)
FNDA:2,(anonymous_2)
DA:7,2
DA:9,3
DA:11,3
DA:12,3
DA:13,3
DA:14,1
DA:16,2
DA:19,3
LF:8
LH:8
BRDA:13,0,0,1
BRDA:13,0,1,2
BRF:2
BRH:2
end_of_record
TN:
SF:D:\Text\rx-util\src\module\function\toString.js
FN:6,toString
FNF:1
FNH:1
FNDA:29,toString
DA:7,29
DA:8,2
DA:10,27
LF:3
LH:3
BRDA:7,0,0,2
BRDA:7,0,1,27
BRDA:7,1,0,29
BRDA:7,1,1,28
BRF:4
BRH:4
end_of_record
TN:
SF:D:\Text\rx-util\src\module\function\wait.js
FN:7,(anonymous_0)
FN:8,(anonymous_1)
FN:12,(anonymous_2)
FNF:3
FNH:3
FNDA:51,(anonymous_0)
FNDA:51,(anonymous_1)
FNDA:25,(anonymous_2)
DA:7,5
DA:8,51
DA:9,51
DA:10,33
DA:11,18
DA:12,17
DA:13,25
DA:14,17
DA:15,17
DA:19,1
LF:10
LH:10
BRDA:9,0,0,33
BRDA:9,0,1,18
BRDA:11,1,0,17
BRDA:11,1,1,1
BRDA:13,2,0,17
BRDA:13,2,1,8
BRF:6
BRH:6
end_of_record
TN:
SF:D:\Text\rx-util\src\module\function\waitResource.js
FN:10,(anonymous_0)
FN:12,(anonymous_1)
FN:13,(anonymous_2)
FNF:3
FNH:3
FNDA:5,(anonymous_0)
FNDA:5,(anonymous_1)
FNDA:50,(anonymous_2)
DA:10,3
DA:11,5
DA:12,5
DA:13,5
DA:14,50
DA:15,5
DA:16,5
DA:18,50
DA:19,50
DA:20,5
DA:21,5
LF:11
LH:11
BRDA:10,0,0,3
BRDA:10,1,0,3
BRDA:10,2,0,3
BRDA:14,3,0,5
BRDA:14,3,1,45
BRDA:19,4,0,5
BRDA:19,4,1,45
BRF:7
BRH:7
end_of_record
TN:
SF:D:\Text\rx-util\src\module\function\watch.js
FN:10,(anonymous_0)
FN:12,(anonymous_1)
FN:19,(anonymous_2)
FNF:3
FNH:1
FNDA:4,(anonymous_0)
FNDA:0,(anonymous_1)
FNDA:0,(anonymous_2)
DA:10,2
DA:11,4
DA:12,4
DA:13,0
DA:14,0
DA:15,0
DA:16,0
DA:19,4
LF:8
LH:4
BRDA:10,0,0,4
BRDA:14,1,0,0
BRDA:14,1,1,0
BRF:3
BRH:1
end_of_record
TN:
SF:D:\Text\rx-util\src\module\function\watchObject.js
FN:16,watchObject
FN:18,(anonymous_1)
FN:25,(anonymous_2)
FNF:3
FNH:1
FNDA:1,watchObject
FNDA:0,(anonymous_1)
FNDA:0,(anonymous_2)
DA:17,1
DA:19,0
DA:20,0
DA:22,0
DA:26,0
DA:27,0
DA:30,1
LF:7
LH:2
BRF:0
BRH:0
end_of_record
TN:
SF:D:\Text\rx-util\src\module\number\autoIncrement.js
FN:5,autoIncrementGenerator
FN:22,autoIncrement
FNF:2
FNH:2
FNDA:1,autoIncrementGenerator
FNDA:4,autoIncrement
DA:6,1
DA:10,4
DA:16,2
DA:23,4
LF:4
LH:4
BRF:0
BRH:0
end_of_record
TN:
SF:D:\Text\rx-util\src\module\number\isRange.js
FN:7,isRange
FNF:1
FNH:1
FNDA:12,isRange
DA:8,12
LF:1
LH:1
BRDA:8,0,0,12
BRDA:8,0,1,12
BRF:2
BRH:2
end_of_record
TN:
SF:D:\Text\rx-util\src\module\number\randomInt.js
FN:7,randomInt
FNF:1
FNH:1
FNDA:203,randomInt
DA:10,203
DA:11,1
DA:12,202
DA:13,102
DA:14,102
DA:15,100
DA:16,100
DA:17,100
DA:19,202
LF:9
LH:9
BRDA:10,0,0,1
BRDA:10,0,1,202
BRDA:12,1,0,102
BRDA:12,1,1,100
BRDA:15,2,0,100
BRDA:15,2,1,0
BRF:6
BRH:5
end_of_record
TN:
SF:D:\Text\rx-util\src\module\obj\blankToNullField.js
FN:9,blankToNullField
FNF:1
FNH:1
FNDA:1,blankToNullField
DA:10,1
DA:11,1
DA:12,2
DA:13,2
DA:15,1
LF:5
LH:5
BRDA:13,0,0,2
BRDA:13,0,1,0
BRF:2
BRH:1
end_of_record
TN:
SF:D:\Text\rx-util\src\module\obj\deepFreeze.js
FN:6,deepFreeze
FN:12,(anonymous_1)
FN:18,(anonymous_2)
FNF:3
FNH:3
FNDA:10,deepFreeze
FNDA:5,(anonymous_1)
FNDA:7,(anonymous_2)
DA:7,10
DA:8,0
DA:11,10
DA:12,3
DA:13,5
DA:14,2
DA:17,7
DA:18,7
DA:19,7
DA:20,3
DA:24,10
LF:11
LH:10
BRDA:7,0,0,0
BRDA:7,0,1,10
BRDA:7,1,0,10
BRDA:7,1,1,10
BRDA:11,2,0,3
BRDA:11,2,1,7
BRDA:13,3,0,2
BRDA:13,3,1,3
BRDA:17,4,0,7
BRDA:17,4,1,0
BRDA:19,5,0,3
BRDA:19,5,1,4
BRF:12
BRH:10
end_of_record
TN:
SF:D:\Text\rx-util\src\module\obj\deepProxy.js
FN:7,deepProxy
FN:9,(anonymous_1)
FNF:2
FNH:2
FNDA:1,deepProxy
FNDA:6,(anonymous_1)
DA:8,1
DA:10,6
DA:15,6
DA:16,6
DA:17,6
DA:19,0
DA:22,1
LF:7
LH:6
BRDA:13,0,0,3
BRDA:13,0,1,3
BRDA:16,1,0,6
BRDA:16,1,1,0
BRF:4
BRH:3
end_of_record
TN:
SF:D:\Text\rx-util\src\module\obj\emptyAllField.js
FN:6,emptyAllField
FNF:1
FNH:1
FNDA:1,emptyAllField
DA:7,1
DA:8,1
DA:9,2
DA:11,1
LF:4
LH:4
BRF:0
BRH:0
end_of_record
TN:
SF:D:\Text\rx-util\src\module\obj\excludeFields.js
FN:8,excludeFields
FN:10,(anonymous_1)
FNF:2
FNH:2
FNDA:13,excludeFields
FNDA:30,(anonymous_1)
DA:9,13
DA:10,13
DA:11,30
DA:12,16
DA:14,30
LF:5
LH:5
BRDA:11,0,0,16
BRDA:11,0,1,14
BRF:2
BRH:2
end_of_record
TN:
SF:D:\Text\rx-util\src\module\obj\excludeFieldsDeep.js
FN:8,excludeFieldsDeep
FNF:1
FNH:1
FNDA:11,excludeFieldsDeep
DA:10,11
DA:11,11
DA:12,15
DA:13,15
DA:14,15
DA:15,5
DA:19,11
LF:7
LH:7
BRDA:10,0,0,2
BRDA:10,0,1,9
BRDA:12,1,0,15
BRDA:12,1,1,0
BRDA:14,2,0,5
BRDA:14,2,1,10
BRF:6
BRH:5
end_of_record
TN:
SF:D:\Text\rx-util\src\module\obj\mapToObject.js
FN:6,mapToObject
FNF:1
FNH:1
FNDA:1,mapToObject
DA:7,1
DA:9,1
DA:10,3
DA:12,1
LF:4
LH:4
BRF:0
BRH:0
end_of_record
TN:
SF:D:\Text\rx-util\src\module\string\StringConverter.js
FN:14,(anonymous_0)
FN:25,(anonymous_1)
FN:41,(anonymous_2)
FN:73,(anonymous_3)
FN:75,(anonymous_4)
FN:92,(anonymous_5)
FN:94,(anonymous_6)
FN:109,(anonymous_7)
FN:124,(anonymous_8)
FN:125,(anonymous_9)
FN:139,(anonymous_10)
FN:140,(anonymous_11)
FN:176,(anonymous_12)
FN:204,(anonymous_13)
FN:225,(anonymous_14)
FN:247,(anonymous_15)
FN:254,(anonymous_16)
FN:268,(anonymous_17)
FN:279,(anonymous_18)
FNF:19
FNH:12
FNDA:0,(anonymous_0)
FNDA:0,(anonymous_1)
FNDA:2,(anonymous_2)
FNDA:0,(anonymous_3)
FNDA:0,(anonymous_4)
FNDA:0,(anonymous_5)
FNDA:0,(anonymous_6)
FNDA:0,(anonymous_7)
FNDA:1,(anonymous_8)
FNDA:2,(anonymous_9)
FNDA:1,(anonymous_10)
FNDA:2,(anonymous_11)
FNDA:4,(anonymous_12)
FNDA:2,(anonymous_13)
FNDA:2,(anonymous_14)
FNDA:2,(anonymous_15)
FNDA:2,(anonymous_16)
FNDA:2,(anonymous_17)
FNDA:1,(anonymous_18)
DA:15,0
DA:26,0
DA:42,2
DA:43,2
DA:44,2
DA:45,2
DA:46,22
DA:47,22
DA:48,3
DA:49,2
DA:51,3
DA:54,2
DA:55,2
DA:57,2
DA:74,0
DA:75,0
DA:77,0
DA:93,0
DA:94,0
DA:110,0
DA:125,2
DA:140,2
DA:146,2
DA:177,4
DA:179,1
DA:181,1
DA:183,1
DA:185,1
DA:187,0
DA:210,2
DA:216,2
DA:226,2
DA:227,0
DA:229,2
DA:241,2
DA:247,2
DA:254,2
DA:269,2
DA:280,1
LF:39
LH:29
BRDA:47,0,0,3
BRDA:47,0,1,19
BRDA:47,1,0,22
BRDA:47,1,1,22
BRDA:48,2,0,2
BRDA:48,2,1,1
BRDA:54,3,0,2
BRDA:54,3,1,0
BRDA:177,4,0,1
BRDA:177,4,1,1
BRDA:177,4,2,1
BRDA:177,4,3,1
BRDA:177,4,4,0
BRDA:226,5,0,0
BRDA:226,5,1,2
BRDA:226,6,0,2
BRDA:226,6,1,2
BRDA:226,6,2,2
BRF:18
BRH:15
end_of_record
TN:
SF:D:\Text\rx-util\src\module\string\blankToNull.js
FN:7,blankToNull
FNF:1
FNH:1
FNDA:4,blankToNull
DA:8,4
LF:1
LH:1
BRDA:8,0,0,3
BRDA:8,0,1,1
BRDA:8,1,0,4
BRDA:8,1,1,1
BRF:4
BRH:4
end_of_record
TN:
SF:D:\Text\rx-util\src\module\string\fill.js
FN:7,fill
FNF:1
FNH:1
FNDA:311,fill
DA:8,311
DA:9,90
DA:11,221
LF:3
LH:3
BRDA:8,0,0,90
BRDA:8,0,1,221
BRF:2
BRH:2
end_of_record
TN:
SF:D:\Text\rx-util\src\module\string\format.js
FN:9,format
FN:14,(anonymous_1)
FNF:2
FNH:2
FNDA:2,format
FNDA:2,(anonymous_1)
DA:10,2
DA:11,1
DA:13,1
DA:14,2
LF:4
LH:4
BRDA:10,0,0,1
BRDA:10,0,1,1
BRF:2
BRH:2
end_of_record
TN:
SF:D:\Text\rx-util\src\module\string\isFloat.js
FN:10,isFloat
FNF:1
FNH:1
FNDA:3,isFloat
DA:4,2
DA:11,3
LF:2
LH:2
BRF:0
BRH:0
end_of_record
TN:
SF:D:\Text\rx-util\src\module\string\isNumber.js
FN:10,isNumber
FNF:1
FNH:1
FNDA:3,isNumber
DA:4,2
DA:11,3
LF:2
LH:2
BRF:0
BRH:0
end_of_record
TN:
SF:D:\Text\rx-util\src\module\string\toLowerCase.js
FN:6,toLowerCase
FNF:1
FNH:1
FNDA:5,toLowerCase
DA:7,5
DA:8,1
DA:10,4
LF:3
LH:3
BRDA:7,0,0,1
BRDA:7,0,1,4
BRDA:7,1,0,5
BRDA:7,1,1,4
BRF:4
BRH:4
end_of_record
TN:
SF:D:\Text\rx-util\src\module\string\toUpperCase.js
FN:6,toUpperCase
FNF:1
FNH:1
FNDA:4,toUpperCase
DA:7,4
DA:8,2
DA:10,2
LF:3
LH:3
BRDA:7,0,0,2
BRDA:7,0,1,2
BRDA:7,1,0,4
BRDA:7,1,1,3
BRF:4
BRH:4
end_of_record
